
  Memory set to   3.725 GiB by Python driver.
   => Loading Basis Set <=

    Name: AUG-CC-PVDZ
    Role: ORBITAL
    Keyword: BASIS
    atoms 1   entry O          line   250 file /home/jfhlewyee/anaconda3/envs/pydonof/share/psi4/basis/aug-cc-pvdz.gbs 
    atoms 2-3 entry H          line    36 file /home/jfhlewyee/anaconda3/envs/pydonof/share/psi4/basis/aug-cc-pvdz.gbs 

No violations of the orthonormality
Hartree-Fock
============

Nitext  Nitint      Eelec           Etot           Ediff         maxdiff    
     0      0   -69.60535821   -60.25074751     7.05626346     2.54080137
     1     29   -85.08034471   -75.72573401    -0.05607745     0.29400867
     2     29   -85.36249142   -76.00788071     0.01932425     0.19903637
     3     29   -85.36075364   -76.00614294     0.01716467     0.25129674
     4     29   -85.38287386   -76.02826316     0.00567106     0.17753794
     5     29   -85.39512655   -76.04051585    -0.00482995     0.03704769
     6     29   -85.38971345   -76.03510275     0.00010257     0.12356540
     7     29   -85.38729240   -76.03268170    -0.00001118     0.14351734
     8     29   -85.39034116   -76.03573045     0.00076134     0.11201526
     9     29   -85.39310984   -76.03849914    -0.00335704     0.07260341
    10     29   -85.39547348   -76.04086278     0.00033462     0.03991920
    11     29   -85.38837490   -76.03376420     0.00047079     0.12285660
    12     29   -85.39197221   -76.03736151     0.00197044     0.08508815
    13     29   -85.39048269   -76.03587198    -0.00157390     0.08700023
    14     29   -85.39653866   -76.04192795     0.00011326     0.02676210
    15     29   -85.39406977   -76.03945906     0.00037127     0.07977222
    16     29   -85.39207991   -76.03746921     0.00062824     0.10302508
    17     23   -85.39623559   -76.04162489    -0.00000015     0.02728716
No violations of the orthonormality

PNOF7 Calculation
==================

Nitext  Nitint      Eelec           Etot          Ediff         maxdiff    
     1      0   -85.37438745   -76.01977675 -10084.37438745     0.23652650
     2     29   -85.26290185   -75.90829114     0.11148561     0.27268342
     3     29   -85.41364205   -76.05903134    -0.15074020     0.11456541
     4     29   -85.44822716   -76.09361645    -0.03458511     0.02501469
     5     29   -85.45826876   -76.10365806    -0.01004161     0.02140279
     6     29   -85.47022800   -76.11561730    -0.01195924     0.02234084
     7     29   -85.47765512   -76.12304441    -0.00742711     0.01855081
     8     29   -85.48086503   -76.12625432    -0.00320991     0.01771562
     9     29   -85.48264968   -76.12803897    -0.00178465     0.04036526
    10     29   -85.48326915   -76.12865844    -0.00061947     0.01251860
    11     29   -85.48508663   -76.13047593    -0.00181748     0.01433711
    12     29   -85.48557534   -76.13096464    -0.00048871     0.01710604
    13     29   -85.48788841   -76.13327771    -0.00231307     0.00227532
    14     29   -85.48801241   -76.13340171    -0.00012401     0.00304088
    15     29   -85.48865676   -76.13404605    -0.00064434     0.00131703
    16     29   -85.48897939   -76.13436869    -0.00032263     0.00176038
    17     29   -85.48928246   -76.13467176    -0.00030307     0.00177714
    18     29   -85.48967297   -76.13506226    -0.00039051     0.00223300
    19     29   -85.49008615   -76.13547544    -0.00041318     0.00175207
    20     29   -85.48999380   -76.13538310     0.00009235     0.00193388
    21     29   -85.49009914   -76.13548844    -0.00010534     0.00233962
    22     29   -85.49041002   -76.13579932    -0.00031088     0.00389955
    23     29   -85.49047672   -76.13586602    -0.00006670     0.00134798
    24     29   -85.49060208   -76.13599138    -0.00012536     0.00198791
    25     29   -85.49079045   -76.13617975    -0.00018837     0.00015121
    26     29   -85.49082033   -76.13620963    -0.00002988     0.00032758
    27     29   -85.49084222   -76.13623152    -0.00002189     0.00024488
    28     29   -85.49085504   -76.13624433    -0.00001282     0.00019358
    29     29   -85.49087153   -76.13626083    -0.00001650     0.00020744
    30     29   -85.49088439   -76.13627369    -0.00001286     0.00025792
    31     29   -85.49089252   -76.13628182    -0.00000813     0.00016057
    32     29   -85.49090202   -76.13629132    -0.00000950     0.00016143
    33     29   -85.49090822   -76.13629752    -0.00000620     0.00016178
    34     29   -85.49091549   -76.13630479    -0.00000727     0.00027945
    35     29   -85.49092129   -76.13631059    -0.00000580     0.00016367
    36     29   -85.49092450   -76.13631380    -0.00000321     0.00016528
    37     29   -85.49092737   -76.13631666    -0.00000287     0.00016643
    38     29   -85.49093007   -76.13631937    -0.00000270     0.00016729
    39     29   -85.49093229   -76.13632159    -0.00000222     0.00016787
    40     29   -85.49093457   -76.13632387    -0.00000228     0.00016822
    41     29   -85.49093688   -76.13632618    -0.00000231     0.00016841
    42     29   -85.49093922   -76.13632852    -0.00000234     0.00016846
    43     29   -85.49094172   -76.13633102    -0.00000250     0.00016845
    44     29   -85.49094393   -76.13633323    -0.00000221     0.00016841
    45     29   -85.49094589   -76.13633519    -0.00000196     0.00016838
    46     29   -85.48553005   -76.13091935     0.00541585     0.01564923
    47     29   -85.48823381   -76.13362311    -0.00270376     0.02892530
    48     29   -85.48797939   -76.13336869     0.00025442     0.01765164
    49     29   -85.48919877   -76.13458807    -0.00121937     0.01444656
    50     29   -85.48854901   -76.13393831     0.00064975     0.02267531
    51     29   -85.48877039   -76.13415968    -0.00022137     0.01787092
    52     29   -85.48887743   -76.13426673    -0.00010704     0.02571372
    53     29   -85.48834992   -76.13373921     0.00052752     0.03334913
    54     29   -85.48946943   -76.13485872    -0.00111951     0.01621659
    55     29   -85.48911095   -76.13450025     0.00035848     0.02366445
    56     29   -85.48932613   -76.13471542    -0.00021518     0.01496355
    57     29   -85.49107406   -76.13646336    -0.00174793     0.00172840
    58     29   -85.49126604   -76.13665533    -0.00019198     0.00264808
    59     29   -85.49122016   -76.13660946     0.00004587     0.00212976
    60     29   -85.49154595   -76.13693525    -0.00032579     0.00248377
    61     29   -85.49166473   -76.13705403    -0.00011878     0.00207068
    62     29   -85.49175430   -76.13714360    -0.00008957     0.00218722
    63     29   -85.49186791   -76.13725721    -0.00011361     0.00164387
    64     29   -85.49203210   -76.13742139    -0.00016419     0.00199923
    65     29   -85.49207508   -76.13746437    -0.00004298     0.00155358
    66     29   -85.49209090   -76.13748019    -0.00001582     0.00124962
    67     29   -85.49215484   -76.13754413    -0.00006394     0.00134485
    68     29   -85.49217595   -76.13756524    -0.00002111     0.00181065
    69     29   -85.49227826   -76.13766756    -0.00010231     0.00040071
    70     29   -85.49229351   -76.13768281    -0.00001525     0.00013511
    71     29   -85.49230664   -76.13769594    -0.00001313     0.00011096
    72     29   -85.49231977   -76.13770906    -0.00001313     0.00028558
    73     29   -85.49233052   -76.13771981    -0.00001075     0.00026446
    74     29   -85.49234103   -76.13773032    -0.00001051     0.00013598
    75     29   -85.49235134   -76.13774064    -0.00001032     0.00013427
    76     29   -85.49236098   -76.13775027    -0.00000963     0.00023642
    77     29   -85.49236913   -76.13775842    -0.00000815     0.00018922
    78     29   -85.49238143   -76.13777072    -0.00001230     0.00032591
    79     29   -85.49239190   -76.13778120    -0.00001047     0.00019812
    80     29   -85.49240192   -76.13779122    -0.00001002     0.00016809
    81     29   -85.49240481   -76.13779411    -0.00000289     0.00006461
    82     29   -85.49240699   -76.13779628    -0.00000217     0.00006584
    83     29   -85.49240898   -76.13779828    -0.00000200     0.00006687
    84     29   -85.49241083   -76.13780012    -0.00000185     0.00006753
    85     29   -85.49241259   -76.13780189    -0.00000176     0.00006822
    86     29   -85.49241427   -76.13780357    -0.00000168     0.00006888
    87     29   -85.49241587   -76.13780516    -0.00000160     0.00006939
    88     29   -85.49241745   -76.13780674    -0.00000158     0.00007002
    89     29   -85.49241898   -76.13780827    -0.00000153     0.00007060
    90     29   -85.49242046   -76.13780976    -0.00000149     0.00007118
    91     29   -85.49029056   -76.13567986     0.00212990     0.02003663
    92     29   -85.48824958   -76.13363888     0.00204098     0.01220739
    93     29   -85.49028544   -76.13567474    -0.00203586     0.02182169
    94     29   -85.49071653   -76.13610582    -0.00043108     0.01338687
    95     29   -85.49047492   -76.13586422     0.00024160     0.01282214
    96     29   -85.49027529   -76.13566459     0.00019963     0.02998362
    97     29   -85.49101988   -76.13640918    -0.00074459     0.01880878
    98     29   -85.49053904   -76.13592833     0.00048085     0.01272478
    99     29   -85.49102552   -76.13641482    -0.00048648     0.02120809
   100     29   -85.49106968   -76.13645898    -0.00004416     0.01847187
   101     29   -85.49238562   -76.13777492    -0.00131594     0.00125706
   102     29   -85.49243084   -76.13782014    -0.00004522     0.00141375
   103     29   -85.49237970   -76.13776900     0.00005114     0.00255916
   104     29   -85.49229964   -76.13768893     0.00008007     0.00243064
   105     29   -85.49243893   -76.13782823    -0.00013929     0.00246572
   106     29   -85.49251367   -76.13790296    -0.00007474     0.00152255
   107     29   -85.49255203   -76.13794133    -0.00003836     0.00419939
   108     29   -85.49259369   -76.13798299    -0.00004166     0.00156459
   109     29   -85.49265191   -76.13804121    -0.00005822     0.00109344
   110     29   -85.49269492   -76.13808421    -0.00004300     0.00303165
   111     29   -85.49277498   -76.13816427    -0.00008006     0.00014612
   112     29   -85.49279012   -76.13817942    -0.00001514     0.00010259
   113     29   -85.49280182   -76.13819112    -0.00001170     0.00021377
   114     29   -85.49281288   -76.13820217    -0.00001105     0.00018798
   115     29   -85.49282441   -76.13821370    -0.00001153     0.00010076
   116     29   -85.49283375   -76.13822305    -0.00000935     0.00015156
   117     29   -85.49284200   -76.13823129    -0.00000824     0.00031241
   118     29   -85.49284913   -76.13823843    -0.00000714     0.00026148
   119     29   -85.49285605   -76.13824535    -0.00000692     0.00015733
   120     29   -85.49286237   -76.13825167    -0.00000632     0.00028629
   121     29   -85.49286781   -76.13825711    -0.00000544     0.00023552
   122     29   -85.49286935   -76.13825865    -0.00000154     0.00005051
   123     29   -85.49287058   -76.13825987    -0.00000123     0.00005091
   124     29   -85.49287165   -76.13826095    -0.00000108     0.00005118
   125     29   -85.49287263   -76.13826193    -0.00000098     0.00005148
   125      0   -85.49287264   -76.13826194    -0.00000098     0.00005133

RESULTS OF THE OCCUPATION OPTIMIZATION
========================================
 0    2.0000000  -20.58045559
 1    1.9744244  -0.91026140
 2    1.9744773  -0.91037524
 3    1.9851462  -0.76890620
 4    1.9827459  -0.70747165
 5    0.0014306  -0.00202204
 6    0.0016439  -0.00220534
 7    0.0141796  -0.01290382
 8    0.0006503  -0.00096435
 9    0.0128588  -0.01239320
 10    0.0013448  -0.00205627
 11    0.0009454  -0.00142268
 12    0.0023510  -0.00328732
 13    0.0222262  -0.02101062
 14    0.0010162  -0.00151419
 15    0.0222469  -0.02104988
 16    0.0023125  -0.00321786

----------------
 Final Energies 
----------------
       HF Total Energy =     -76.0416249
Final NOF Total Energy =     -76.1382619
    Correlation Energy =      -0.0966370


No violations of the orthonormality
Elapsed Time:      85.71 (Seconds)
