
  Memory set to   3.725 GiB by Python driver.
   => Loading Basis Set <=

    Name: DEF2-TZVPD
    Role: ORBITAL
    Keyword: BASIS
    atoms 1 entry SC         line   786 file /home/jfhlewyee/anaconda3/envs/pydonof/share/psi4/basis/def2-tzvpd.gbs 

   => Loading Basis Set <=

    Name: (DEF2-TZVPD AUX)
    Role: JKFIT
    Keyword: DF_BASIS_SCF
    atoms 1 entry SC         line  1353 file /home/jfhlewyee/anaconda3/envs/pydonof/share/psi4/basis/def2-tzvp-jkfit.gbs 

Number of basis functions                   (NBF)    = 55
Number of auxiliary basis functions         (NBFAUX) = 377
Inactive Doubly occupied orbitals up to     (NO1)    = 9
No. considered Strongly Doubly occupied MOs (NDOC)   = 1
No. considered Strongly Singly occupied MOs (NSOC)   = 0
NO. of Weakly occ. per St. Doubly occ.  MOs (NCWO)   = 2
Dimension of the Active Nat. Orb. subspace  (NBF5)   = 12
No. of electrons                                     = 20
Multiplicity                                         = 1

No violations of the orthonormality
Hartree-Fock
============

Nitext  Nitint      Eelec           Etot           Ediff         maxdiff    
     0      0  -719.40772395  -719.40772395    26.21241001    17.44668201
     1     29  -757.92050709  -757.92050709    -0.05156913     2.06556388
     2     29  -758.73998652  -758.73998652     0.00361649     1.53281394
     3     29  -759.36200030  -759.36200030    -0.03750888     0.47731524
     4     29  -759.37832260  -759.37832260    -0.03079199     0.65387761
     5     29  -759.36702208  -759.36702208     0.02243414     0.74239279
     6     29  -759.37065634  -759.37065634     0.00438703     0.96161863
     7     29  -759.43865834  -759.43865834    -0.01916379     0.21851939
     8     29  -759.39982466  -759.39982466     0.04548145     0.54381239
     9     29  -759.39608721  -759.39608721     0.05639472     0.87024215
    10     29  -759.39935143  -759.39935143     0.04425835     0.73229010
    11     29  -759.38981741  -759.38981741     0.06438552     0.73385055
    12     29  -759.43172604  -759.43172604     0.01038200     0.60978757
    13     29  -759.43178865  -759.43178865    -0.01544133     0.34457817
    14     29  -759.45128213  -759.45128213    -0.02775290     0.19827647
    15     29  -759.43892089  -759.43892089    -0.00076094     0.53530969
    16     29  -759.42948237  -759.42948237     0.02142620     0.54852838
    17     29  -759.44782382  -759.44782382     0.00451176     0.19652994
    18     29  -759.43609728  -759.43609728    -0.00601687     0.26870762
    19     29  -759.43783776  -759.43783776    -0.01672615     0.50800488
    20     29  -759.41606720  -759.41606720     0.02443290     0.48808639
    21     29  -759.45187353  -759.45187353    -0.01484248     0.24489214
    22     29  -759.45077584  -759.45077584     0.00249986     0.33362677
    23     29  -759.45494483  -759.45494483    -0.00764023     0.21661058
    24     29  -759.44947286  -759.44947286     0.00513088     0.26967213
    25     29  -759.45250417  -759.45250417     0.00093368     0.25560468
    26     29  -759.45163242  -759.45163242    -0.01488485     0.24058097
    27     29  -759.45032830  -759.45032830    -0.00138581     0.35061810
    28     29  -759.43971954  -759.43971954     0.01406830     0.45057721
    29     29  -759.45639047  -759.45639047    -0.01233061     0.14287006
No violations of the orthonormality

PNOF7 Calculation
==================

Nitext  Nitint      Eelec           Etot          Ediff         maxdiff    
     1      0  -759.23366339  -759.23366339 -10758.23366339     2.07676436 1
     2     29  -759.25529095  -759.25529095    -0.02162755     1.44477881 1
     3     29  -758.77680500  -758.77680500     0.47848595     2.40925328 0
     4     29  -759.19912986  -759.19912986    -0.42232487     1.17856597 0
     5     29  -759.24719624  -759.24719624    -0.04806638     1.22870990 0
     6     29  -759.45990332  -759.45990332    -0.21270708     0.28359818 0
     7     29  -759.47207584  -759.47207584    -0.01217252     0.06451574 0
     8     29  -759.47348130  -759.47348130    -0.00140547     0.01740892 0
     9     29  -759.47411609  -759.47411609    -0.00063479     0.00472612 0
    10     29  -759.47453577  -759.47453577    -0.00041968     0.00158865 0
    11     29  -759.47484130  -759.47484130    -0.00030553     0.00140942 0
    12     29  -759.47508009  -759.47508009    -0.00023879     0.00124564 0
    13     29  -759.47525238  -759.47525238    -0.00017229     0.00110030 0
    14     29  -759.47538010  -759.47538010    -0.00012772     0.00097509 0
    15     29  -759.47546842  -759.47546842    -0.00008833     0.00089028 0
    16     29  -759.47553891  -759.47553891    -0.00007049     0.00079759 0
    17     29  -759.47559554  -759.47559554    -0.00005663     0.00071906 0
    18     29  -759.47564106  -759.47564106    -0.00004552     0.00063576 0
    19     29  -759.47567804  -759.47567804    -0.00003698     0.00058504 0
    20     29  -759.47570799  -759.47570799    -0.00002995     0.00050428 0
    21     29  -759.47573235  -759.47573235    -0.00002436     0.00047269 0
    22     29  -759.47575200  -759.47575200    -0.00001965     0.00042572 0
    23     29  -759.47576792  -759.47576792    -0.00001593     0.00038638 0
    24     29  -759.47578090  -759.47578090    -0.00001298     0.00034790 0
    25     29  -759.47579148  -759.47579148    -0.00001058     0.00031786 0
    26     29  -759.47580015  -759.47580015    -0.00000866     0.00028834 0
    27     29  -759.47580727  -759.47580727    -0.00000712     0.00026123 0
    28     29  -759.47581315  -759.47581315    -0.00000588     0.00023937 0
    29     29  -759.47581796  -759.47581796    -0.00000481     0.00030905 0
    30     29  -759.47582196  -759.47582196    -0.00000400     0.00026795 1
    31     29  -759.47582523  -759.47582523    -0.00000327     0.00022528 1
    32     29  -759.47582791  -759.47582791    -0.00000268     0.00015846 1
    33     29  -759.47583012  -759.47583012    -0.00000221     0.00014409 1
    34     29  -759.47583194  -759.47583194    -0.00000182     0.00013363 1
    35     29  -759.47583347  -759.47583347    -0.00000152     0.00012090 1
    36     29  -759.47583473  -759.47583473    -0.00000126     0.00011211 1
    37     29  -759.47583580  -759.47583580    -0.00000107     0.00009904 1
    38     29  -759.47583667  -759.47583667    -0.00000087     0.00009088 1
    39     29  -759.47583739  -759.47583739    -0.00000072     0.00008271 1
    40     29  -759.47583801  -759.47583801    -0.00000062     0.00007687 1
    41     29  -759.47583853  -759.47583853    -0.00000052     0.00006857 1
    42     29  -759.47583897  -759.47583897    -0.00000044     0.00006241 1
    43     29  -759.47583933  -759.47583933    -0.00000037     0.00005769 1
    44     29  -759.47583964  -759.47583964    -0.00000031     0.00004992 1
    45     29  -759.47583990  -759.47583990    -0.00000026     0.00004830 1
    46     29  -759.47584012  -759.47584012    -0.00000022     0.00004374 1
    47     29  -759.47584031  -759.47584031    -0.00000019     0.00004109 1
    48     29  -759.47584047  -759.47584047    -0.00000016     0.00003683 1
    49     29  -759.47584060  -759.47584060    -0.00000013     0.00003351 1
    50     29  -759.47584072  -759.47584072    -0.00000011     0.00003040 1
    51     29  -759.47584081  -759.47584081    -0.00000010     0.00002784 1
    52     29  -759.47584090  -759.47584090    -0.00000008     0.00002584 1
    53     29  -759.47584097  -759.47584097    -0.00000007     0.00002352 1
    54     29  -759.47584103  -759.47584103    -0.00000006     0.00002176 1
    55     29  -759.47584108  -759.47584108    -0.00000005     0.00001996 1
    56     29  -759.47584113  -759.47584113    -0.00000004     0.00001826 1
    57     29  -759.47584117  -759.47584117    -0.00000004     0.00001707 1
    58     29  -759.47584120  -759.47584120    -0.00000003     0.00001558 1
    59     29  -759.47584123  -759.47584123    -0.00000003     0.00001404 1
    60     29  -759.47584125  -759.47584125    -0.00000003     0.00001305 1
    61     29  -759.47584128  -759.47584128    -0.00000002     0.00001226 1
    62     29  -759.47584129  -759.47584129    -0.00000002     0.00001116 1
    63     29  -759.47584131  -759.47584131    -0.00000002     0.00001027 1
    64     29  -759.47584133  -759.47584133    -0.00000001     0.00000954 1
    64      0  -759.47584133  -759.47584133    -0.00000001     0.00000954 1

RESULTS OF THE OCCUPATION OPTIMIZATION
========================================
   1    2.0000000  -166.21768280
   2    2.0000000  -19.37296348
   3    2.0000000  -15.96283494
   4    2.0000000  -15.97287115
   5    2.0000000  -15.97341280
   6    2.0000000  -1.14929007
   7    2.0000000  -2.33647628
   8    2.0000000  -1.49491393
   9    2.0000000  -2.13312050
  10    1.9885954  -1.91624554
  11    0.0072059  -0.01197866
  12    0.0041987  -0.00696244

----------------
 Final Energies 
----------------
       HF Total Energy =    -759.4563905
Final NOF Total Energy =    -759.4758413
    Correlation Energy =      -0.0194509


Number of basis functions                   (NBF)    = 55
Inactive Doubly occupied orbitals up to     (NO1)    = 9
No. considered Strongly Doubly occupied MOs (NDOC)   = 1
No. considered Strongly Singly occupied MOs (NSOC)   = 0
NO. of Weakly occ. per St. Doubly occ.  MOs (NCWO)   = 2
Dimension of the Active Nat. Orb. subspace  (NBF5)   = 12
No. of electrons                                     = 20
Multiplicity                                         = 1

No violations of the orthonormality
No violations of the orthonormality

PNOF7 Calculation
==================

Nitext  Nitint      Eelec           Etot          Ediff         maxdiff    
     1      0  -759.47584315  -759.47584315 -10758.47584315     0.00000944 1
     2      5  -759.47584316  -759.47584316    -0.00000000     0.00000924 1
     2      0  -759.47584316  -759.47584316    -0.00000000     0.00000924 1

RESULTS OF THE OCCUPATION OPTIMIZATION
========================================
   1    2.0000000  -166.21768540
   2    2.0000000  -19.37296852
   3    2.0000000  -15.96284271
   4    2.0000000  -15.97287626
   5    2.0000000  -15.97341758
   6    2.0000000  -1.14929143
   7    2.0000000  -2.33648098
   8    2.0000000  -1.49491721
   9    2.0000000  -2.13312477
  10    1.9885954  -1.91624981
  11    0.0072059  -0.01197864
  12    0.0041987  -0.00696242

----------------
 Final Energies 
----------------
Final NOF Total Energy =    -759.4758432


Elapsed Time:      30.19 (Seconds)
