
  Memory set to   3.725 GiB by Python driver.
   => Loading Basis Set <=

    Name: DEF2-TZVPD
    Role: ORBITAL
    Keyword: BASIS
    atoms 1 entry SC         line   786 file /home/jfhlewyee/anaconda3/envs/pydonof/share/psi4/basis/def2-tzvpd.gbs 

   => Loading Basis Set <=

    Name: (DEF2-TZVPD AUX)
    Role: JKFIT
    Keyword: DF_BASIS_SCF
    atoms 1 entry SC         line  1353 file /home/jfhlewyee/anaconda3/envs/pydonof/share/psi4/basis/def2-tzvp-jkfit.gbs 

Number of basis functions                   (NBF)    = 55
Number of auxiliary basis functions         (NBFAUX) = 377
Inactive Doubly occupied orbitals up to     (NO1)    = 9
No. considered Strongly Doubly occupied MOs (NDOC)   = 1
No. considered Strongly Singly occupied MOs (NSOC)   = 0
NO. of Weakly occ. per St. Doubly occ.  MOs (NCWO)   = 3
Dimension of the Active Nat. Orb. subspace  (NBF5)   = 13
No. of electrons                                     = 20
Multiplicity                                         = 1

No violations of the orthonormality
Hartree-Fock
============

Nitext  Nitint      Eelec           Etot           Ediff         maxdiff    
     0      0  -719.40772395  -719.40772395    26.21241001    17.44668201
     1     29  -757.92050709  -757.92050709    -0.05156913     2.06556388
     2     29  -758.73998652  -758.73998652     0.00361649     1.53281394
     3     29  -759.36200030  -759.36200030    -0.03750888     0.47731524
     4     29  -759.37832260  -759.37832260    -0.03079199     0.65387761
     5     29  -759.36702208  -759.36702208     0.02243414     0.74239279
     6     29  -759.37065634  -759.37065634     0.00438703     0.96161863
     7     29  -759.43865834  -759.43865834    -0.01916379     0.21851939
     8     29  -759.39982466  -759.39982466     0.04548145     0.54381239
     9     29  -759.39608721  -759.39608721     0.05639472     0.87024215
    10     29  -759.39935143  -759.39935143     0.04425835     0.73229010
    11     29  -759.38981741  -759.38981741     0.06438552     0.73385055
    12     29  -759.43172604  -759.43172604     0.01038200     0.60978757
    13     29  -759.43178865  -759.43178865    -0.01544133     0.34457817
    14     29  -759.45128213  -759.45128213    -0.02775290     0.19827647
    15     29  -759.43892089  -759.43892089    -0.00076094     0.53530969
    16     29  -759.42948237  -759.42948237     0.02142620     0.54852838
    17     29  -759.44782382  -759.44782382     0.00451176     0.19652994
    18     29  -759.43609728  -759.43609728    -0.00601687     0.26870762
    19     29  -759.43783776  -759.43783776    -0.01672615     0.50800488
    20     29  -759.41606720  -759.41606720     0.02443290     0.48808639
    21     29  -759.45187353  -759.45187353    -0.01484248     0.24489214
    22     29  -759.45077584  -759.45077584     0.00249986     0.33362677
    23     29  -759.45494483  -759.45494483    -0.00764023     0.21661058
    24     29  -759.44947286  -759.44947286     0.00513088     0.26967213
    25     29  -759.45250417  -759.45250417     0.00093368     0.25560468
    26     29  -759.45163242  -759.45163242    -0.01488485     0.24058097
    27     29  -759.45032830  -759.45032830    -0.00138581     0.35061810
    28     29  -759.43971954  -759.43971954     0.01406830     0.45057721
    29     29  -759.45639047  -759.45639047    -0.01233061     0.14287006
No violations of the orthonormality

PNOF7 Calculation
==================

Nitext  Nitint      Eelec           Etot          Ediff         maxdiff    
     1      0  -759.23369982  -759.23369982 -10758.23369982     2.07675887 1
     2     29  -759.39485564  -759.39485564    -0.16115581     0.67280651 1
     3     29  -759.35845241  -759.35845241     0.03640323     1.03723462 1
     4     29  -758.50147237  -758.50147237     0.85698004     2.35100529 0
     5     29  -759.19398387  -759.19398387    -0.69251150     1.59697234 0
     6     29  -759.32410144  -759.32410144    -0.13011757     1.36154666 0
     7     29  -759.42250105  -759.42250105    -0.09839961     0.80224538 0
     8     29  -759.51100585  -759.51100585    -0.08850480     0.13630009 0
     9     29  -759.51241234  -759.51241234    -0.00140648     0.04608852 0
    10     29  -759.51253412  -759.51253412    -0.00012178     0.02103430 0
    11     29  -759.51258707  -759.51258707    -0.00005295     0.00988717 0
    12     29  -759.51262797  -759.51262797    -0.00004090     0.00468840 0
    13     29  -759.51266314  -759.51266314    -0.00003516     0.00222936 0
    14     29  -759.51269796  -759.51269796    -0.00003482     0.00106073 0
    15     29  -759.51272604  -759.51272604    -0.00002808     0.00041953 0
    16     29  -759.51275996  -759.51275996    -0.00003392     0.00044037 0
    17     29  -759.51278676  -759.51278676    -0.00002680     0.00043911 0
    18     29  -759.51281246  -759.51281246    -0.00002570     0.00042505 0
    19     29  -759.51283708  -759.51283708    -0.00002461     0.00043466 1
    20     29  -759.51286023  -759.51286023    -0.00002315     0.00041780 1
    21     29  -759.51288256  -759.51288256    -0.00002233     0.00041295 1
    22     29  -759.51290471  -759.51290471    -0.00002215     0.00040988 1
    23     29  -759.51292526  -759.51292526    -0.00002055     0.00039842 1
    24     29  -759.51294533  -759.51294533    -0.00002006     0.00038805 1
    25     29  -759.51296411  -759.51296411    -0.00001878     0.00037857 1
    26     29  -759.51298284  -759.51298284    -0.00001873     0.00036728 1
    27     29  -759.51300063  -759.51300063    -0.00001779     0.00036872 1
    28     29  -759.51301711  -759.51301711    -0.00001648     0.00035654 1
    29     29  -759.51303369  -759.51303369    -0.00001658     0.00035026 1
    30     29  -759.51304923  -759.51304923    -0.00001554     0.00034520 2
    31     29  -759.51306403  -759.51306403    -0.00001479     0.00033379 2
    32     29  -759.51307822  -759.51307822    -0.00001419     0.00032766 2
    33     29  -759.51309358  -759.51309358    -0.00001536     0.00033553 2
    34     29  -759.51310790  -759.51310790    -0.00001433     0.00032545 2
    35     29  -759.51312061  -759.51312061    -0.00001270     0.00030865 2
    36     29  -759.51313275  -759.51313275    -0.00001214     0.00030478 2
    37     29  -759.51314444  -759.51314444    -0.00001169     0.00029898 2
    38     29  -759.51315543  -759.51315543    -0.00001099     0.00028979 2
    39     29  -759.51316605  -759.51316605    -0.00001062     0.00028462 2
    40     29  -759.51317762  -759.51317762    -0.00001157     0.00028500 3
    41     29  -759.51318756  -759.51318756    -0.00000994     0.00027346 3
    42     29  -759.51319873  -759.51319873    -0.00001117     0.00027236 3
    43     29  -759.51320798  -759.51320798    -0.00000925     0.00026468 3
    44     29  -759.51321840  -759.51321840    -0.00001042     0.00026839 3
    45     29  -759.51322677  -759.51322677    -0.00000837     0.00026112 3
    46     29  -759.51323520  -759.51323520    -0.00000843     0.00024257 3
    47     29  -759.51324279  -759.51324279    -0.00000759     0.00024976 3
    48     29  -759.51324999  -759.51324999    -0.00000720     0.00024128 3
    49     29  -759.51325679  -759.51325679    -0.00000680     0.00023480 3
    50     29  -759.51326002  -759.51326002    -0.00000323     0.00029164 4
    51     29  -759.51326282  -759.51326282    -0.00000281     0.00030641 4
    52     29  -759.51326529  -759.51326529    -0.00000246     0.00031085 4
    53     29  -759.51326762  -759.51326762    -0.00000234     0.00031223 4
    54     29  -759.51326986  -759.51326986    -0.00000224     0.00031428 4
    55     29  -759.51327208  -759.51327208    -0.00000222     0.00030942 4
    56     29  -759.51327448  -759.51327448    -0.00000240     0.00030772 4
    57     29  -759.51327662  -759.51327662    -0.00000214     0.00030802 4
    58     29  -759.51327866  -759.51327866    -0.00000204     0.00030522 4
    59     29  -759.51328069  -759.51328069    -0.00000203     0.00030238 4
    60     29  -759.51328266  -759.51328266    -0.00000197     0.00029926 4
    61     29  -759.51328900  -759.51328900    -0.00000634     0.00023756 3
    62     29  -759.51329433  -759.51329433    -0.00000533     0.00021979 3
    63     29  -759.51329932  -759.51329932    -0.00000499     0.00021102 3
    64     29  -759.51330407  -759.51330407    -0.00000476     0.00019938 3
    65     29  -759.51330851  -759.51330851    -0.00000444     0.00019395 3
    66     29  -759.51331270  -759.51331270    -0.00000418     0.00018884 3
    67     29  -759.51331709  -759.51331709    -0.00000439     0.00018942 3
    68     29  -759.51332100  -759.51332100    -0.00000391     0.00018072 3
    69     29  -759.51332510  -759.51332510    -0.00000410     0.00018146 3
    70     29  -759.51332874  -759.51332874    -0.00000364     0.00017386 3
    71     29  -759.51333152  -759.51333152    -0.00000278     0.00022686 4
    72     29  -759.51333330  -759.51333330    -0.00000179     0.00024839 4
    73     29  -759.51333474  -759.51333474    -0.00000144     0.00025991 4
    74     29  -759.51333626  -759.51333626    -0.00000152     0.00026168 4
    75     29  -759.51333768  -759.51333768    -0.00000142     0.00026454 4
    76     29  -759.51333912  -759.51333912    -0.00000144     0.00026816 4
    77     29  -759.51334046  -759.51334046    -0.00000134     0.00026679 4
    78     29  -759.51342961  -759.51342961    -0.00008915     0.00041659 4
    79     29  -759.51343940  -759.51343940    -0.00000979     0.00030359 4
    80     29  -759.51344225  -759.51344225    -0.00000285     0.00023791 4
    81     29  -759.51344435  -759.51344435    -0.00000210     0.00022747 4
    82     29  -759.51345163  -759.51345163    -0.00000728     0.00009202 3
    83     29  -759.51345319  -759.51345319    -0.00000155     0.00008386 3
    84     29  -759.51345469  -759.51345469    -0.00000150     0.00007541 3
    85     29  -759.51345577  -759.51345577    -0.00000108     0.00006716 3
    86     29  -759.51345786  -759.51345786    -0.00000209     0.00005801 3
    87     29  -759.51345851  -759.51345851    -0.00000064     0.00005329 3
    88     29  -759.51345909  -759.51345909    -0.00000058     0.00005194 3
    89     29  -759.51345996  -759.51345996    -0.00000088     0.00004699 3
    90     29  -759.51346042  -759.51346042    -0.00000046     0.00004514 3
    91     29  -759.51346081  -759.51346081    -0.00000039     0.00004312 3
    92     29  -759.51346121  -759.51346121    -0.00000040     0.00004135 4
    93     29  -759.51346156  -759.51346156    -0.00000035     0.00003975 4
    94     29  -759.51346199  -759.51346199    -0.00000043     0.00003685 4
    95     29  -759.51346228  -759.51346228    -0.00000030     0.00003554 4
    96     29  -759.51346257  -759.51346257    -0.00000029     0.00003335 4
    97     29  -759.51346280  -759.51346280    -0.00000023     0.00003249 4
    98     29  -759.51346302  -759.51346302    -0.00000022     0.00003139 4
    99     29  -759.51346323  -759.51346323    -0.00000021     0.00003067 4
   100     29  -759.51346344  -759.51346344    -0.00000021     0.00002799 4
   101     29  -759.51346363  -759.51346363    -0.00000019     0.00002795 4
   102     29  -759.51346375  -759.51346375    -0.00000012     0.00003168 5
   103     29  -759.51346386  -759.51346386    -0.00000010     0.00003188 5
   104     29  -759.51346395  -759.51346395    -0.00000010     0.00003149 5
   105     17  -759.51346401  -759.51346401    -0.00000006     0.00003131 5
   106     29  -759.51346410  -759.51346410    -0.00000010     0.00003082 5
   107     29  -759.51346420  -759.51346420    -0.00000009     0.00002984 5
   108     29  -759.51346429  -759.51346429    -0.00000009     0.00002923 5
   109     29  -759.51346438  -759.51346438    -0.00000009     0.00002902 5
   110     17  -759.51346443  -759.51346443    -0.00000005     0.00002870 5
   111     29  -759.51346452  -759.51346452    -0.00000009     0.00002806 5
   112     17  -759.51346462  -759.51346462    -0.00000010     0.00002542 4
   113     29  -759.51346477  -759.51346477    -0.00000015     0.00002471 4
   114     29  -759.51346491  -759.51346491    -0.00000014     0.00002426 4
   115     29  -759.51346504  -759.51346504    -0.00000013     0.00002382 4
   116     29  -759.51346517  -759.51346517    -0.00000013     0.00002343 4
   117     29  -759.51346529  -759.51346529    -0.00000012     0.00002305 4
   118     29  -759.51346541  -759.51346541    -0.00000012     0.00002269 4
   119     29  -759.51346552  -759.51346552    -0.00000011     0.00002232 4
   120     29  -759.51346563  -759.51346563    -0.00000011     0.00002195 4
   121     29  -759.51346574  -759.51346574    -0.00000010     0.00002159 4
   122     29  -759.51346584  -759.51346584    -0.00000010     0.00002123 4
   123      5  -759.51346586  -759.51346586    -0.00000002     0.00002115 4
   124     29  -759.51346594  -759.51346594    -0.00000007     0.00002342 5
   125     29  -759.51346601  -759.51346601    -0.00000007     0.00002633 5
   126     29  -759.51346608  -759.51346608    -0.00000007     0.00002707 5
   127     11  -759.51346611  -759.51346611    -0.00000003     0.00002735 5
   128     29  -759.51346617  -759.51346617    -0.00000006     0.00002719 5
   129     29  -759.51346624  -759.51346624    -0.00000007     0.00002704 5
   130     29  -759.51346630  -759.51346630    -0.00000006     0.00002673 5
   131     29  -759.51346636  -759.51346636    -0.00000006     0.00002633 5
   132     23  -759.51346641  -759.51346641    -0.00000005     0.00002569 5
   133     29  -759.51346647  -759.51346647    -0.00000006     0.00002512 5
   134      5  -759.51346649  -759.51346649    -0.00000001     0.00002520 5
   135     29  -759.51346655  -759.51346655    -0.00000006     0.00002448 5
   136     29  -759.51346664  -759.51346664    -0.00000010     0.00002315 4
   137     17  -759.51346669  -759.51346669    -0.00000005     0.00002291 4
   138     29  -759.51346678  -759.51346678    -0.00000008     0.00002244 4
   139      5  -759.51346679  -759.51346679    -0.00000002     0.00002235 4
   140     29  -759.51346687  -759.51346687    -0.00000008     0.00002197 4
   141     29  -759.51346695  -759.51346695    -0.00000008     0.00002159 4
   142     23  -759.51346701  -759.51346701    -0.00000006     0.00002126 4
   143     29  -759.51346708  -759.51346708    -0.00000007     0.00002089 4
   144      5  -759.51346710  -759.51346710    -0.00000001     0.00002081 4
   145     29  -759.51346717  -759.51346717    -0.00000007     0.00002047 4
   146     29  -759.51346724  -759.51346724    -0.00000007     0.00002012 4
   147      5  -759.51346725  -759.51346725    -0.00000001     0.00002013 5
   148     29  -759.51346730  -759.51346730    -0.00000005     0.00002039 5
   149     29  -759.51346735  -759.51346735    -0.00000005     0.00002061 5
   150     29  -759.51346741  -759.51346741    -0.00000005     0.00002083 5
   151     29  -759.51346746  -759.51346746    -0.00000005     0.00002104 5
   152     23  -759.51346750  -759.51346750    -0.00000004     0.00002121 5
   153     29  -759.51346754  -759.51346754    -0.00000005     0.00002141 5
   154     29  -759.51346759  -759.51346759    -0.00000005     0.00002160 5
   155     29  -759.51346764  -759.51346764    -0.00000005     0.00002180 5
   156     29  -759.51346768  -759.51346768    -0.00000005     0.00002194 5
   157     29  -759.51346773  -759.51346773    -0.00000004     0.00002215 5
   158     23  -759.51346776  -759.51346776    -0.00000003     0.00002231 5
   159     11  -759.51346778  -759.51346778    -0.00000002     0.00002213 4
   160     23  -759.51346783  -759.51346783    -0.00000005     0.00002178 4
   161     11  -759.51346785  -759.51346785    -0.00000002     0.00002161 4
   162      5  -759.51346786  -759.51346786    -0.00000001     0.00002153 4
   163     29  -759.51346792  -759.51346792    -0.00000006     0.00002109 4
   164     23  -759.51346796  -759.51346796    -0.00000004     0.00002077 4
   165     29  -759.51346802  -759.51346802    -0.00000006     0.00002036 4
   166      5  -759.51346803  -759.51346803    -0.00000001     0.00002029 4
   167     23  -759.51346807  -759.51346807    -0.00000004     0.00001999 4
   168     29  -759.51346812  -759.51346812    -0.00000005     0.00001956 4
   169     29  -759.51346818  -759.51346818    -0.00000005     0.00001922 4
   170     11  -759.51346820  -759.51346820    -0.00000002     0.00001908 4
   171      5  -759.51346820  -759.51346820    -0.00000001     0.00001901 4
   172     11  -759.51346822  -759.51346822    -0.00000002     0.00001910 5
   173     23  -759.51346825  -759.51346825    -0.00000003     0.00001925 5
   174      5  -759.51346826  -759.51346826    -0.00000001     0.00001929 5
   175     23  -759.51346829  -759.51346829    -0.00000003     0.00001945 5
   176      5  -759.51346829  -759.51346829    -0.00000001     0.00001949 5
   177     11  -759.51346831  -759.51346831    -0.00000001     0.00001957 5
   178     11  -759.51346832  -759.51346832    -0.00000001     0.00001964 5
   179      5  -759.51346833  -759.51346833    -0.00000001     0.00001968 5
   180      5  -759.51346834  -759.51346834    -0.00000001     0.00001971 5
   181     23  -759.51346837  -759.51346837    -0.00000003     0.00001987 5
   182     11  -759.51346838  -759.51346838    -0.00000001     0.00001995 5
   183      5  -759.51346839  -759.51346839    -0.00000001     0.00001998 5
   184      5  -759.51346840  -759.51346840    -0.00000001     0.00002002 5
   185     17  -759.51346843  -759.51346843    -0.00000003     0.00001976 4
   186      5  -759.51346843  -759.51346843    -0.00000001     0.00001969 4
   187      5  -759.51346844  -759.51346844    -0.00000001     0.00001962 4
   188     11  -759.51346846  -759.51346846    -0.00000002     0.00001947 4
   189     17  -759.51346850  -759.51346850    -0.00000004     0.00001916 4
   190     17  -759.51346853  -759.51346853    -0.00000003     0.00001894 4
   191      5  -759.51346854  -759.51346854    -0.00000001     0.00001887 4
   192      5  -759.51346855  -759.51346855    -0.00000001     0.00001881 4
   193      5  -759.51346856  -759.51346856    -0.00000001     0.00001874 4
   194      5  -759.51346857  -759.51346857    -0.00000001     0.00001867 4
   195      5  -759.51346857  -759.51346857    -0.00000001     0.00001871 5
   196      5  -759.51346858  -759.51346858    -0.00000001     0.00001875 5
   197      5  -759.51346859  -759.51346859    -0.00000001     0.00001879 5
   198      5  -759.51346859  -759.51346859    -0.00000001     0.00001883 5
   199     23  -759.51346862  -759.51346862    -0.00000003     0.00001899 5
   200     17  -759.51346865  -759.51346865    -0.00000002     0.00001909 5
   201      5  -759.51346865  -759.51346865    -0.00000001     0.00001913 5
   202      5  -759.51346866  -759.51346866    -0.00000001     0.00001917 5
   203     17  -759.51346868  -759.51346868    -0.00000002     0.00001929 5
   204     11  -759.51346870  -759.51346870    -0.00000001     0.00001936 5
   205     17  -759.51346872  -759.51346872    -0.00000002     0.00001947 5
   206     17  -759.51346875  -759.51346875    -0.00000003     0.00001926 4
   207      5  -759.51346875  -759.51346875    -0.00000001     0.00001919 4
   208      5  -759.51346876  -759.51346876    -0.00000001     0.00001911 4
   209      5  -759.51346877  -759.51346877    -0.00000001     0.00001902 4
   210      5  -759.51346878  -759.51346878    -0.00000001     0.00001895 4
   211     11  -759.51346880  -759.51346880    -0.00000002     0.00001882 4
   212     29  -759.51346885  -759.51346885    -0.00000005     0.00001844 4
   213      5  -759.51346886  -759.51346886    -0.00000001     0.00001835 4
   214      5  -759.51346887  -759.51346887    -0.00000001     0.00001829 4
   215      5  -759.51346888  -759.51346888    -0.00000001     0.00001822 4
   216      5  -759.51346889  -759.51346889    -0.00000001     0.00001826 5
   217      5  -759.51346889  -759.51346889    -0.00000001     0.00001830 5
   218      5  -759.51346890  -759.51346890    -0.00000001     0.00001834 5
   219      5  -759.51346891  -759.51346891    -0.00000001     0.00001838 5
   220     29  -759.51346894  -759.51346894    -0.00000004     0.00001858 5
   221      5  -759.51346895  -759.51346895    -0.00000001     0.00001860 5
   222     23  -759.51346898  -759.51346898    -0.00000003     0.00001875 5
   223      5  -759.51346899  -759.51346899    -0.00000001     0.00001874 5
   224     17  -759.51346901  -759.51346901    -0.00000002     0.00001887 5
   225      5  -759.51346902  -759.51346902    -0.00000001     0.00001890 5
   226     23  -759.51346905  -759.51346905    -0.00000003     0.00001906 5
   227     17  -759.51346907  -759.51346907    -0.00000003     0.00001881 4
   228     29  -759.51346912  -759.51346912    -0.00000005     0.00001845 4
   229     29  -759.51346917  -759.51346917    -0.00000005     0.00001814 4
   230     29  -759.51346922  -759.51346922    -0.00000005     0.00001778 4
   231      5  -759.51346923  -759.51346923    -0.00000002     0.00001750 4
   232     29  -759.51346928  -759.51346928    -0.00000005     0.00001722 4
   233     11  -759.51346930  -759.51346930    -0.00000002     0.00001710 4
   234      5  -759.51346931  -759.51346931    -0.00000001     0.00001704 4
   235     29  -759.51346936  -759.51346936    -0.00000005     0.00001674 4
   236      5  -759.51346937  -759.51346937    -0.00000001     0.00001668 4
   237     11  -759.51346939  -759.51346939    -0.00000002     0.00001658 4
   238     17  -759.51346941  -759.51346941    -0.00000002     0.00001671 5
   239      5  -759.51346942  -759.51346942    -0.00000001     0.00001675 5
   240     23  -759.51346945  -759.51346945    -0.00000003     0.00001692 5
   241     29  -759.51346949  -759.51346949    -0.00000004     0.00001712 5
   242     29  -759.51346954  -759.51346954    -0.00000004     0.00001723 5
   243      5  -759.51346954  -759.51346954    -0.00000001     0.00001729 5
   244     17  -759.51346957  -759.51346957    -0.00000002     0.00001742 5
   245      5  -759.51346958  -759.51346958    -0.00000001     0.00001738 5
   246      5  -759.51346959  -759.51346959    -0.00000001     0.00001744 5
   247     17  -759.51346961  -759.51346961    -0.00000003     0.00001756 5
   248     29  -759.51346966  -759.51346966    -0.00000005     0.00001727 4
   249     11  -759.51346968  -759.51346968    -0.00000002     0.00001708 4
   250     11  -759.51346971  -759.51346971    -0.00000002     0.00001698 4
   251     23  -759.51346975  -759.51346975    -0.00000004     0.00001676 4
   252     17  -759.51346978  -759.51346978    -0.00000003     0.00001652 4
   253      5  -759.51346979  -759.51346979    -0.00000001     0.00001649 4
   254     29  -759.51346984  -759.51346984    -0.00000005     0.00001623 4
   255     29  -759.51346990  -759.51346990    -0.00000006     0.00001591 4
   256     29  -759.51346996  -759.51346996    -0.00000005     0.00001570 4
   257      5  -759.51346997  -759.51346997    -0.00000001     0.00001558 4
   258     11  -759.51346999  -759.51346999    -0.00000002     0.00001551 4
   259     29  -759.51347004  -759.51347004    -0.00000005     0.00001567 5
   260     29  -759.51347008  -759.51347008    -0.00000005     0.00001593 5
   261     29  -759.51347013  -759.51347013    -0.00000005     0.00001609 5
   262      5  -759.51347014  -759.51347014    -0.00000001     0.00001615 5
   263      5  -759.51347015  -759.51347015    -0.00000001     0.00001616 5
   264     11  -759.51347017  -759.51347017    -0.00000002     0.00001626 5
   265     23  -759.51347021  -759.51347021    -0.00000004     0.00001641 5
   266      5  -759.51347022  -759.51347022    -0.00000001     0.00001641 5
   267     29  -759.51347028  -759.51347028    -0.00000005     0.00001661 5
   268     29  -759.51347033  -759.51347033    -0.00000005     0.00001682 5
   269     29  -759.51347039  -759.51347039    -0.00000007     0.00001642 4
   270     29  -759.51347046  -759.51347046    -0.00000006     0.00001614 4
   271     11  -759.51347048  -759.51347048    -0.00000002     0.00001602 4
   272     29  -759.51347054  -759.51347054    -0.00000006     0.00001581 4
   273      5  -759.51347056  -759.51347056    -0.00000001     0.00001568 4
   274     29  -759.51347062  -759.51347062    -0.00000006     0.00001550 4
   275     29  -759.51347069  -759.51347069    -0.00000007     0.00001520 4
   276      5  -759.51347070  -759.51347070    -0.00000001     0.00001519 4
   277     29  -759.51347077  -759.51347077    -0.00000007     0.00001491 4
   278     29  -759.51347084  -759.51347084    -0.00000006     0.00001473 4
   279     29  -759.51347090  -759.51347090    -0.00000006     0.00001732 5
   280     29  -759.51347095  -759.51347095    -0.00000006     0.00001975 5
   281      5  -759.51347097  -759.51347097    -0.00000001     0.00002037 5
   282     29  -759.51347102  -759.51347102    -0.00000006     0.00002192 5
   283     29  -759.51347108  -759.51347108    -0.00000006     0.00002302 5
   284     29  -759.51347113  -759.51347113    -0.00000006     0.00002394 5
   285     29  -759.51347119  -759.51347119    -0.00000006     0.00002445 5
   286     29  -759.51347124  -759.51347124    -0.00000006     0.00002534 5
   287     17  -759.51347128  -759.51347128    -0.00000003     0.00002568 5
   288     29  -759.51347134  -759.51347134    -0.00000006     0.00002702 5
   289     29  -759.51347140  -759.51347140    -0.00000006     0.00002761 5
   290     23  -759.51347147  -759.51347147    -0.00000007     0.00001838 4
   291     29  -759.51347156  -759.51347156    -0.00000009     0.00001620 4
   292     29  -759.51347165  -759.51347165    -0.00000010     0.00001648 4
   293     29  -759.51347174  -759.51347174    -0.00000009     0.00001571 4
   294     29  -759.51347183  -759.51347183    -0.00000009     0.00001541 4
   295     29  -759.51347192  -759.51347192    -0.00000009     0.00001587 4
   296     29  -759.51347202  -759.51347202    -0.00000009     0.00001557 4
   297      5  -759.51347204  -759.51347204    -0.00000002     0.00001583 4
   298     29  -759.51347212  -759.51347212    -0.00000009     0.00001539 4
   299     29  -759.51347222  -759.51347222    -0.00000010     0.00001685 4
   300     29  -759.51347232  -759.51347232    -0.00000010     0.00001676 4
   301     29  -759.51347240  -759.51347240    -0.00000007     0.00002222 5
   302     29  -759.51347247  -759.51347247    -0.00000007     0.00002382 5
   303     11  -759.51347250  -759.51347250    -0.00000003     0.00002515 5
   304     29  -759.51347257  -759.51347257    -0.00000007     0.00002687 5
   305     29  -759.51347264  -759.51347264    -0.00000007     0.00002837 5
   306     29  -759.51347271  -759.51347271    -0.00000007     0.00002983 5
   307      5  -759.51347272  -759.51347272    -0.00000001     0.00003064 5
   308      5  -759.51347274  -759.51347274    -0.00000001     0.00003037 5
   309      5  -759.51347275  -759.51347275    -0.00000001     0.00003108 5
   310     29  -759.51347282  -759.51347282    -0.00000007     0.00003216 5
   311     29  -759.51347293  -759.51347293    -0.00000011     0.00002030 4
   312     29  -759.51347304  -759.51347304    -0.00000010     0.00001880 4
   313     29  -759.51347315  -759.51347315    -0.00000011     0.00001849 4
   314     29  -759.51347326  -759.51347326    -0.00000011     0.00001861 4
   315     29  -759.51347337  -759.51347337    -0.00000011     0.00001850 4
   316     29  -759.51347349  -759.51347349    -0.00000012     0.00001935 4
   317     29  -759.51347361  -759.51347361    -0.00000011     0.00001919 4
   318     29  -759.51347372  -759.51347372    -0.00000012     0.00001870 4
   319     29  -759.51347384  -759.51347384    -0.00000012     0.00001868 4
   320     29  -759.51347396  -759.51347396    -0.00000012     0.00001852 4
   321     29  -759.51347406  -759.51347406    -0.00000010     0.00002391 5
   322     29  -759.51347415  -759.51347415    -0.00000009     0.00002663 5
   323     29  -759.51347423  -759.51347423    -0.00000008     0.00002840 5
   324     29  -759.51347432  -759.51347432    -0.00000009     0.00003128 5
   325     29  -759.51347441  -759.51347441    -0.00000009     0.00003207 5
   326     29  -759.51347449  -759.51347449    -0.00000009     0.00003322 5
   327     17  -759.51347455  -759.51347455    -0.00000006     0.00003490 5
   328      5  -759.51347457  -759.51347457    -0.00000002     0.00003418 5
   329      5  -759.51347459  -759.51347459    -0.00000003     0.00003397 5
   330     29  -759.51347468  -759.51347468    -0.00000009     0.00003606 5
   331     29  -759.51347484  -759.51347484    -0.00000016     0.00002493 4
   332      5  -759.51347487  -759.51347487    -0.00000003     0.00002452 4
   333      5  -759.51347490  -759.51347490    -0.00000003     0.00002446 4
   334     29  -759.51347505  -759.51347505    -0.00000015     0.00002404 4
   335     29  -759.51347520  -759.51347520    -0.00000015     0.00002288 4
   336     29  -759.51347534  -759.51347534    -0.00000014     0.00002214 4
   337     29  -759.51347550  -759.51347550    -0.00000015     0.00002290 4
   338     11  -759.51347558  -759.51347558    -0.00000008     0.00002407 4
   339     29  -759.51347574  -759.51347574    -0.00000016     0.00002341 4
   340     29  -759.51347590  -759.51347590    -0.00000016     0.00002312 4
   341     29  -759.51347602  -759.51347602    -0.00000012     0.00003020 5
   342     29  -759.51347613  -759.51347613    -0.00000011     0.00003361 5
   343     29  -759.51347624  -759.51347624    -0.00000011     0.00003622 5
   344     23  -759.51347632  -759.51347632    -0.00000009     0.00003854 5
   345     29  -759.51347643  -759.51347643    -0.00000010     0.00003968 5
   346     29  -759.51347656  -759.51347656    -0.00000013     0.00004480 5
   347      5  -759.51347661  -759.51347661    -0.00000005     0.00004244 5
   348     29  -759.51347672  -759.51347672    -0.00000011     0.00004546 5
   349     17  -759.51347679  -759.51347679    -0.00000007     0.00004611 5
   350     29  -759.51347693  -759.51347693    -0.00000014     0.00004994 5
   351     29  -759.51347705  -759.51347705    -0.00000012     0.00005018 5
   352     29  -759.51347716  -759.51347716    -0.00000012     0.00005170 5
   353     29  -759.51347739  -759.51347739    -0.00000023     0.00003229 4
   354     29  -759.51347761  -759.51347761    -0.00000022     0.00003083 4
   355     29  -759.51347782  -759.51347782    -0.00000021     0.00002963 4
   356     29  -759.51347805  -759.51347805    -0.00000023     0.00003068 4
   357      5  -759.51347810  -759.51347810    -0.00000005     0.00003041 4
   358     17  -759.51347827  -759.51347827    -0.00000017     0.00003323 4
   359     29  -759.51347851  -759.51347851    -0.00000024     0.00003169 4
   360     29  -759.51347874  -759.51347874    -0.00000023     0.00003160 4
   361     29  -759.51347900  -759.51347900    -0.00000026     0.00003163 4
   362     23  -759.51347920  -759.51347920    -0.00000020     0.00003177 4
   363     29  -759.51347945  -759.51347945    -0.00000025     0.00003116 4
   364     29  -759.51347962  -759.51347962    -0.00000017     0.00004240 5
   365     29  -759.51347977  -759.51347977    -0.00000015     0.00004696 5
   366     29  -759.51347992  -759.51347992    -0.00000015     0.00005092 5
   367     17  -759.51348001  -759.51348001    -0.00000009     0.00005345 5
   368     29  -759.51348015  -759.51348015    -0.00000015     0.00005507 5
   369     29  -759.51348032  -759.51348032    -0.00000017     0.00005749 5
   370     29  -759.51348047  -759.51348047    -0.00000015     0.00005992 5
   371     23  -759.51348061  -759.51348061    -0.00000013     0.00006056 5
   372     29  -759.51348076  -759.51348076    -0.00000016     0.00006254 5
   373     29  -759.51348092  -759.51348092    -0.00000016     0.00006352 5
   374     29  -759.51348108  -759.51348108    -0.00000016     0.00006563 5
   375     29  -759.51348123  -759.51348123    -0.00000015     0.00006650 5
   376     29  -759.51348154  -759.51348154    -0.00000031     0.00003868 4
   377     29  -759.51348183  -759.51348183    -0.00000029     0.00003644 4
   378     29  -759.51348212  -759.51348212    -0.00000030     0.00003709 4
   379     29  -759.51348242  -759.51348242    -0.00000030     0.00003504 4
   380     29  -759.51348284  -759.51348284    -0.00000043     0.00003842 4
   381     29  -759.51348317  -759.51348317    -0.00000033     0.00003715 4
   382     29  -759.51348356  -759.51348356    -0.00000039     0.00003972 4
   383     29  -759.51348392  -759.51348392    -0.00000036     0.00003824 4
   384     29  -759.51348426  -759.51348426    -0.00000034     0.00003949 4
   385     29  -759.51348463  -759.51348463    -0.00000038     0.00003880 4
   386     29  -759.51348498  -759.51348498    -0.00000034     0.00003775 4
   387     29  -759.51348519  -759.51348519    -0.00000021     0.00004234 5
   388     11  -759.51348527  -759.51348527    -0.00000008     0.00004297 5
   389     29  -759.51348546  -759.51348546    -0.00000019     0.00004491 5
   390     29  -759.51348564  -759.51348564    -0.00000018     0.00004558 5
   391     29  -759.51348582  -759.51348582    -0.00000018     0.00004594 5
   392     29  -759.51348601  -759.51348601    -0.00000019     0.00004805 5
   393     29  -759.51348619  -759.51348619    -0.00000018     0.00004778 5
   394     29  -759.51348638  -759.51348638    -0.00000019     0.00004815 5
   395     29  -759.51348656  -759.51348656    -0.00000018     0.00004987 5
   396     29  -759.51348674  -759.51348674    -0.00000018     0.00005051 5
   397     29  -759.51348716  -759.51348716    -0.00000042     0.00004227 4
   398     29  -759.51348755  -759.51348755    -0.00000039     0.00004227 4
   399     29  -759.51348804  -759.51348804    -0.00000049     0.00004297 4
   400     29  -759.51348845  -759.51348845    -0.00000042     0.00004211 4
   401     29  -759.51348901  -759.51348901    -0.00000056     0.00004503 4
   402     29  -759.51348948  -759.51348948    -0.00000047     0.00004406 4
   403     29  -759.51348991  -759.51348991    -0.00000044     0.00004370 4
   404     29  -759.51349048  -759.51349048    -0.00000057     0.00004596 4
   405     29  -759.51349096  -759.51349096    -0.00000048     0.00004427 4
   406     11  -759.51349115  -759.51349115    -0.00000019     0.00004407 4
   407     29  -759.51349141  -759.51349141    -0.00000026     0.00004763 5
   408     29  -759.51349163  -759.51349163    -0.00000023     0.00004787 5
   409     29  -759.51349186  -759.51349186    -0.00000022     0.00004791 5
   410     29  -759.51349206  -759.51349206    -0.00000020     0.00004954 5
   411     29  -759.51349224  -759.51349224    -0.00000019     0.00004898 5
   412     23  -759.51349243  -759.51349243    -0.00000018     0.00005245 5
   413     29  -759.51349261  -759.51349261    -0.00000018     0.00005315 5
   414     29  -759.51349278  -759.51349278    -0.00000017     0.00005422 5
   415     29  -759.51349299  -759.51349299    -0.00000020     0.00005641 5
   416     29  -759.51349316  -759.51349316    -0.00000018     0.00005724 5
   417     11  -759.51349323  -759.51349323    -0.00000007     0.00005763 5
   418     29  -759.51349389  -759.51349389    -0.00000066     0.00005750 4
   419     29  -759.51349446  -759.51349446    -0.00000057     0.00005366 4
   420     29  -759.51349503  -759.51349503    -0.00000057     0.00005225 4
   421     29  -759.51349558  -759.51349558    -0.00000055     0.00005063 4
   422     29  -759.51349612  -759.51349612    -0.00000054     0.00004900 4
   423     29  -759.51349665  -759.51349665    -0.00000053     0.00004842 4
   424     29  -759.51349720  -759.51349720    -0.00000055     0.00004846 4
   425     29  -759.51349772  -759.51349772    -0.00000051     0.00004657 4
   426     29  -759.51349822  -759.51349822    -0.00000051     0.00004604 4
   427     29  -759.51349877  -759.51349877    -0.00000054     0.00004686 4
   428     29  -759.51349929  -759.51349929    -0.00000052     0.00004482 4
   429     23  -759.51349977  -759.51349977    -0.00000049     0.00005397 5
   430     29  -759.51350002  -759.51350002    -0.00000024     0.00005385 5
   431     29  -759.51350024  -759.51350024    -0.00000022     0.00005415 5
   432     29  -759.51350048  -759.51350048    -0.00000024     0.00005647 5
   433     11  -759.51350057  -759.51350057    -0.00000009     0.00005851 5
   434     29  -759.51350080  -759.51350080    -0.00000023     0.00005870 5
   435     29  -759.51350100  -759.51350100    -0.00000020     0.00006080 5
   436     29  -759.51350119  -759.51350119    -0.00000019     0.00006152 5
   437     29  -759.51350138  -759.51350138    -0.00000019     0.00006322 5
   438     29  -759.51350155  -759.51350155    -0.00000018     0.00006323 5
   439     29  -759.51350238  -759.51350238    -0.00000083     0.00006285 4
   440     29  -759.51350306  -759.51350306    -0.00000069     0.00005980 4
   441     29  -759.51350372  -759.51350372    -0.00000066     0.00005712 4
   442     29  -759.51350442  -759.51350442    -0.00000070     0.00005771 4
   443     29  -759.51350506  -759.51350506    -0.00000064     0.00005690 4
   444     29  -759.51350569  -759.51350569    -0.00000062     0.00005479 4
   445     29  -759.51350632  -759.51350632    -0.00000063     0.00005332 4
   446     29  -759.51350692  -759.51350692    -0.00000061     0.00005385 4
   447     29  -759.51350756  -759.51350756    -0.00000063     0.00005409 4
   448     29  -759.51350814  -759.51350814    -0.00000059     0.00005131 4
   449     29  -759.51350860  -759.51350860    -0.00000045     0.00005739 5
   450     29  -759.51350884  -759.51350884    -0.00000025     0.00006132 5
   451     29  -759.51350925  -759.51350925    -0.00000041     0.00006913 5
   452     29  -759.51350950  -759.51350950    -0.00000024     0.00006877 5
   453     29  -759.51350972  -759.51350972    -0.00000022     0.00006827 5
   454     29  -759.51350992  -759.51350992    -0.00000021     0.00006900 5
   455     29  -759.51351019  -759.51351019    -0.00000026     0.00007686 5
   456     29  -759.51351040  -759.51351040    -0.00000021     0.00007584 5
   457     29  -759.51351059  -759.51351059    -0.00000019     0.00007563 5
   458     23  -759.51351074  -759.51351074    -0.00000015     0.00007618 5
   459     29  -759.51351158  -759.51351158    -0.00000084     0.00006990 4
   460     29  -759.51351233  -759.51351233    -0.00000075     0.00006650 4
   461     29  -759.51351311  -759.51351311    -0.00000078     0.00006776 4
   462     29  -759.51351383  -759.51351383    -0.00000072     0.00006476 4
   463     29  -759.51351451  -759.51351451    -0.00000068     0.00006283 4
   464     29  -759.51351520  -759.51351520    -0.00000069     0.00006184 4
   465     29  -759.51351582  -759.51351582    -0.00000062     0.00005930 4
   466     29  -759.51351647  -759.51351647    -0.00000065     0.00005617 4
   467     29  -759.51351711  -759.51351711    -0.00000064     0.00005594 4
   468     29  -759.51351791  -759.51351791    -0.00000080     0.00005887 4
   469     29  -759.51351857  -759.51351857    -0.00000066     0.00005842 4
   470     29  -759.51351918  -759.51351918    -0.00000061     0.00005692 4
   471     29  -759.51351977  -759.51351977    -0.00000059     0.00005587 4
   472     29  -759.51352002  -759.51352002    -0.00000024     0.00006106 5
   473     29  -759.51352022  -759.51352022    -0.00000020     0.00006384 5
   474     29  -759.51352041  -759.51352041    -0.00000019     0.00006288 5
   475     29  -759.51352065  -759.51352065    -0.00000023     0.00006678 5
   476     29  -759.51352084  -759.51352084    -0.00000019     0.00006487 5
   477     29  -759.51352102  -759.51352102    -0.00000018     0.00006524 5
   478      5  -759.51352107  -759.51352107    -0.00000005     0.00006879 5
   479     17  -759.51352118  -759.51352118    -0.00000011     0.00006671 5
   480     17  -759.51352132  -759.51352132    -0.00000014     0.00007080 5
   481     29  -759.51352149  -759.51352149    -0.00000017     0.00006899 5
   482     29  -759.51352215  -759.51352215    -0.00000066     0.00006342 4
   483     23  -759.51352263  -759.51352263    -0.00000048     0.00006100 4
   484     29  -759.51352320  -759.51352320    -0.00000058     0.00005867 4
   485     29  -759.51352376  -759.51352376    -0.00000056     0.00005723 4
   486     29  -759.51352432  -759.51352432    -0.00000056     0.00005541 4
   487     29  -759.51352487  -759.51352487    -0.00000054     0.00005776 4
   488     29  -759.51352541  -759.51352541    -0.00000054     0.00005049 4
   489     29  -759.51352590  -759.51352590    -0.00000050     0.00005316 4
   490     29  -759.51352643  -759.51352643    -0.00000052     0.00005178 4
   491     29  -759.51352691  -759.51352691    -0.00000048     0.00005116 4
   492     29  -759.51352723  -759.51352723    -0.00000032     0.00005381 5
   493     29  -759.51352743  -759.51352743    -0.00000019     0.00005800 5
   494     17  -759.51352783  -759.51352783    -0.00000040     0.00005947 5
   495     29  -759.51352806  -759.51352806    -0.00000023     0.00006442 5
   496     29  -759.51352827  -759.51352827    -0.00000022     0.00006935 5
   497     29  -759.51352846  -759.51352846    -0.00000019     0.00006967 5
   498     29  -759.51352864  -759.51352864    -0.00000018     0.00007017 5
   499     29  -759.51352881  -759.51352881    -0.00000017     0.00007272 5
   500     29  -759.51352898  -759.51352898    -0.00000016     0.00007255 5
   501     29  -759.51352930  -759.51352930    -0.00000032     0.00008144 5
   502     29  -759.51352948  -759.51352948    -0.00000018     0.00008035 5
   503     29  -759.51352963  -759.51352963    -0.00000016     0.00008017 5
   504     29  -759.51353024  -759.51353024    -0.00000061     0.00007395 4
   505     29  -759.51353083  -759.51353083    -0.00000059     0.00006688 4
   506     29  -759.51353136  -759.51353136    -0.00000053     0.00006383 4
   507     29  -759.51353195  -759.51353195    -0.00000059     0.00006239 4
   508     29  -759.51353245  -759.51353245    -0.00000050     0.00005568 4
   509     29  -759.51353299  -759.51353299    -0.00000054     0.00005723 4
   510     29  -759.51353352  -759.51353352    -0.00000053     0.00005940 4
   511     29  -759.51353398  -759.51353398    -0.00000046     0.00005744 4
   512     29  -759.51353456  -759.51353456    -0.00000059     0.00005458 4
   513     29  -759.51353503  -759.51353503    -0.00000047     0.00005700 4
   514     29  -759.51353547  -759.51353547    -0.00000043     0.00005492 4
   515     29  -759.51353588  -759.51353588    -0.00000041     0.00005420 4
   516     29  -759.51353627  -759.51353627    -0.00000039     0.00005084 4
   517     29  -759.51353665  -759.51353665    -0.00000038     0.00005100 4
   518     29  -759.51353700  -759.51353700    -0.00000036     0.00004995 4
   519      5  -759.51353710  -759.51353710    -0.00000010     0.00005833 5
   520     29  -759.51353724  -759.51353724    -0.00000014     0.00005989 5
   521     29  -759.51353738  -759.51353738    -0.00000014     0.00005975 5
   522     29  -759.51353749  -759.51353749    -0.00000011     0.00006217 5
   523     29  -759.51353762  -759.51353762    -0.00000013     0.00006221 5
   524      5  -759.51353766  -759.51353766    -0.00000004     0.00006491 5
   525     29  -759.51353778  -759.51353778    -0.00000012     0.00006356 5
   526     29  -759.51353788  -759.51353788    -0.00000010     0.00006583 5
   527     29  -759.51353800  -759.51353800    -0.00000012     0.00006551 5
   528     29  -759.51353810  -759.51353810    -0.00000010     0.00006792 5
   529     29  -759.51353853  -759.51353853    -0.00000042     0.00005654 4
   530      5  -759.51353861  -759.51353861    -0.00000009     0.00005759 4
   531      5  -759.51353884  -759.51353884    -0.00000022     0.00006072 4
   532     29  -759.51353925  -759.51353925    -0.00000042     0.00005777 4
   533     17  -759.51353958  -759.51353958    -0.00000032     0.00006103 4
   534     29  -759.51353999  -759.51353999    -0.00000041     0.00005347 4
   535     29  -759.51354037  -759.51354037    -0.00000038     0.00005767 4
   536     29  -759.51354072  -759.51354072    -0.00000035     0.00005228 4
   537     29  -759.51354105  -759.51354105    -0.00000033     0.00005231 4
   538     29  -759.51354136  -759.51354136    -0.00000031     0.00005061 4
   539     23  -759.51354145  -759.51354145    -0.00000008     0.00005539 5
   540      5  -759.51354147  -759.51354147    -0.00000002     0.00005794 5
   541     29  -759.51354155  -759.51354155    -0.00000008     0.00005761 5
   542     11  -759.51354159  -759.51354159    -0.00000003     0.00005997 5
   543     17  -759.51354165  -759.51354165    -0.00000006     0.00005954 5
   544     29  -759.51354172  -759.51354172    -0.00000007     0.00006118 5
   545     29  -759.51354182  -759.51354182    -0.00000011     0.00006205 5
   546     29  -759.51354189  -759.51354189    -0.00000007     0.00006410 5
   547     11  -759.51354194  -759.51354194    -0.00000005     0.00006633 5
   548     29  -759.51354200  -759.51354200    -0.00000006     0.00006495 5
   549     29  -759.51354235  -759.51354235    -0.00000035     0.00005824 4
   550     11  -759.51354248  -759.51354248    -0.00000013     0.00005564 4
   551     29  -759.51354287  -759.51354287    -0.00000039     0.00005422 4
   552     29  -759.51354318  -759.51354318    -0.00000030     0.00005185 4
   553     29  -759.51354354  -759.51354354    -0.00000037     0.00005305 4
   554     29  -759.51354384  -759.51354384    -0.00000030     0.00005095 4
   555     29  -759.51354419  -759.51354419    -0.00000035     0.00005233 4
   556     29  -759.51354447  -759.51354447    -0.00000028     0.00005004 4
   557     29  -759.51354474  -759.51354474    -0.00000027     0.00004838 4
   558     29  -759.51354499  -759.51354499    -0.00000025     0.00004691 4
   559     29  -759.51354508  -759.51354508    -0.00000009     0.00005296 5
   560     29  -759.51354513  -759.51354513    -0.00000005     0.00005578 5
   561     29  -759.51354521  -759.51354521    -0.00000008     0.00005964 5
   562     29  -759.51354526  -759.51354526    -0.00000005     0.00005909 5
   563     29  -759.51354530  -759.51354530    -0.00000004     0.00005912 5
   564     11  -759.51354534  -759.51354534    -0.00000004     0.00006143 5
   565      5  -759.51354536  -759.51354536    -0.00000001     0.00006237 5
   566     29  -759.51354540  -759.51354540    -0.00000004     0.00006222 5
   567      5  -759.51354541  -759.51354541    -0.00000001     0.00006189 5
   568     11  -759.51354544  -759.51354544    -0.00000003     0.00006368 5
   569      5  -759.51354545  -759.51354545    -0.00000001     0.00006403 5
   570     29  -759.51354549  -759.51354549    -0.00000004     0.00006331 5
   571     23  -759.51354571  -759.51354571    -0.00000022     0.00005362 4
   572     29  -759.51354598  -759.51354598    -0.00000027     0.00005094 4
   573     29  -759.51354623  -759.51354623    -0.00000024     0.00004846 4
   574     23  -759.51354645  -759.51354645    -0.00000022     0.00004794 4
   575     29  -759.51354667  -759.51354667    -0.00000023     0.00004650 4
   576     11  -759.51354679  -759.51354679    -0.00000012     0.00004768 4
   577     11  -759.51354689  -759.51354689    -0.00000009     0.00004721 4
   578     29  -759.51354714  -759.51354714    -0.00000025     0.00004729 4
   579     29  -759.51354735  -759.51354735    -0.00000022     0.00004166 4
   580     11  -759.51354746  -759.51354746    -0.00000010     0.00004552 4
   581      5  -759.51354750  -759.51354750    -0.00000005     0.00004428 4
   582      5  -759.51354754  -759.51354754    -0.00000004     0.00004452 4
   583     29  -759.51354774  -759.51354774    -0.00000020     0.00004375 4
   584     29  -759.51354793  -759.51354793    -0.00000019     0.00004206 4
   585     29  -759.51354811  -759.51354811    -0.00000017     0.00004044 4
   586     11  -759.51354813  -759.51354813    -0.00000002     0.00004405 5
   587     29  -759.51354816  -759.51354816    -0.00000003     0.00004732 5
   588     17  -759.51354818  -759.51354818    -0.00000002     0.00004751 5
   589      5  -759.51354819  -759.51354819    -0.00000001     0.00004897 5
   590     17  -759.51354821  -759.51354821    -0.00000002     0.00004848 5
   591      5  -759.51354822  -759.51354822    -0.00000001     0.00005004 5
   592     17  -759.51354824  -759.51354824    -0.00000002     0.00004933 5
   593     11  -759.51354826  -759.51354826    -0.00000003     0.00005155 5
   594     17  -759.51354828  -759.51354828    -0.00000002     0.00005069 5
   595      5  -759.51354829  -759.51354829    -0.00000001     0.00005016 5
   596     29  -759.51354832  -759.51354832    -0.00000003     0.00005121 5
   597     29  -759.51354850  -759.51354850    -0.00000018     0.00004244 4
   598     23  -759.51354863  -759.51354863    -0.00000013     0.00003989 4
   599     29  -759.51354879  -759.51354879    -0.00000016     0.00003788 4
   600     11  -759.51354885  -759.51354885    -0.00000006     0.00003790 4
   601     29  -759.51354900  -759.51354900    -0.00000015     0.00003687 4
   602     11  -759.51354906  -759.51354906    -0.00000006     0.00003687 4
   603     29  -759.51354921  -759.51354921    -0.00000015     0.00003526 4
   604     23  -759.51354932  -759.51354932    -0.00000011     0.00003430 4
   605     29  -759.51354953  -759.51354953    -0.00000022     0.00003635 4
   606     29  -759.51354967  -759.51354967    -0.00000013     0.00003531 4
   607     17  -759.51354974  -759.51354974    -0.00000007     0.00004611 5
   608     17  -759.51354977  -759.51354977    -0.00000003     0.00004728 5
   609     23  -759.51354979  -759.51354979    -0.00000002     0.00004912 5
   610      5  -759.51354980  -759.51354980    -0.00000001     0.00004960 5
   611      5  -759.51354981  -759.51354981    -0.00000001     0.00005087 5
   612     17  -759.51354983  -759.51354983    -0.00000002     0.00005211 5
   613      5  -759.51354984  -759.51354984    -0.00000001     0.00005324 5
   614     17  -759.51354987  -759.51354987    -0.00000003     0.00005535 5
   615     11  -759.51354988  -759.51354988    -0.00000001     0.00005612 5
   616     11  -759.51354990  -759.51354990    -0.00000001     0.00005739 5
   617      5  -759.51354990  -759.51354990    -0.00000001     0.00005704 5
   618     11  -759.51354992  -759.51354992    -0.00000001     0.00005739 5
   619     29  -759.51355007  -759.51355007    -0.00000016     0.00004111 4
   620     29  -759.51355021  -759.51355021    -0.00000014     0.00003848 4
   621      5  -759.51355024  -759.51355024    -0.00000003     0.00003814 4
   622     29  -759.51355037  -759.51355037    -0.00000013     0.00003510 4
   623     17  -759.51355045  -759.51355045    -0.00000008     0.00003497 4
   624     17  -759.51355052  -759.51355052    -0.00000007     0.00003383 4
   625     29  -759.51355065  -759.51355065    -0.00000013     0.00003338 4
   626     11  -759.51355070  -759.51355070    -0.00000005     0.00003262 4
   627     29  -759.51355084  -759.51355084    -0.00000014     0.00003326 4
   628      5  -759.51355086  -759.51355086    -0.00000003     0.00003370 4
   629      5  -759.51355089  -759.51355089    -0.00000003     0.00004051 5
   630      5  -759.51355090  -759.51355090    -0.00000001     0.00004098 5
   631     29  -759.51355093  -759.51355093    -0.00000002     0.00004426 5
   632      5  -759.51355094  -759.51355094    -0.00000001     0.00004458 5
   633      5  -759.51355094  -759.51355094    -0.00000001     0.00004573 5
   634     11  -759.51355095  -759.51355095    -0.00000001     0.00004648 5
   635      5  -759.51355096  -759.51355096    -0.00000001     0.00004744 5
   636     11  -759.51355097  -759.51355097    -0.00000001     0.00004821 5
   637      5  -759.51355098  -759.51355098    -0.00000001     0.00004913 5
   638     17  -759.51355100  -759.51355100    -0.00000003     0.00005226 5
   639     23  -759.51355102  -759.51355102    -0.00000002     0.00005229 5
   640     11  -759.51355103  -759.51355103    -0.00000001     0.00005239 5
   641     11  -759.51355104  -759.51355104    -0.00000001     0.00005251 5
   642      5  -759.51355104  -759.51355104    -0.00000000     0.00005260 5
   643     23  -759.51355106  -759.51355106    -0.00000002     0.00005294 5
   644      5  -759.51355107  -759.51355107    -0.00000000     0.00005299 5
   645      5  -759.51355107  -759.51355107    -0.00000000     0.00005304 5
   646      5  -759.51355107  -759.51355107    -0.00000000     0.00005304 5
   647      5  -759.51355110  -759.51355110    -0.00000003     0.00004564 4
   648     11  -759.51355115  -759.51355115    -0.00000005     0.00004021 4
   649     23  -759.51355125  -759.51355125    -0.00000010     0.00003619 4
   650     17  -759.51355132  -759.51355132    -0.00000007     0.00003536 4
   651     17  -759.51355139  -759.51355139    -0.00000007     0.00003395 4
   652      5  -759.51355141  -759.51355141    -0.00000002     0.00003391 4
   653     11  -759.51355145  -759.51355145    -0.00000004     0.00003317 4
   654     23  -759.51355153  -759.51355153    -0.00000008     0.00003162 4
   655      5  -759.51355155  -759.51355155    -0.00000002     0.00003097 4
   656      5  -759.51355158  -759.51355158    -0.00000002     0.00003146 4
   657     17  -759.51355160  -759.51355160    -0.00000002     0.00003894 5
   658      5  -759.51355160  -759.51355160    -0.00000001     0.00004074 5
   659     17  -759.51355162  -759.51355162    -0.00000002     0.00004181 5
   660     11  -759.51355163  -759.51355163    -0.00000001     0.00004325 5
   661     11  -759.51355165  -759.51355165    -0.00000002     0.00004621 5
   662      5  -759.51355166  -759.51355166    -0.00000001     0.00004574 5
   663     23  -759.51355167  -759.51355167    -0.00000002     0.00004659 5
   664     11  -759.51355168  -759.51355168    -0.00000001     0.00004710 5
   665      5  -759.51355169  -759.51355169    -0.00000000     0.00004768 5
   666     11  -759.51355169  -759.51355169    -0.00000001     0.00004805 5
   667      5  -759.51355170  -759.51355170    -0.00000000     0.00004854 5
   668     11  -759.51355171  -759.51355171    -0.00000001     0.00004845 5
   669      5  -759.51355173  -759.51355173    -0.00000003     0.00004098 4
   670      5  -759.51355175  -759.51355175    -0.00000002     0.00003761 4
   671     11  -759.51355180  -759.51355180    -0.00000004     0.00003460 4
   672      5  -759.51355182  -759.51355182    -0.00000002     0.00003387 4
   673     17  -759.51355188  -759.51355188    -0.00000006     0.00003206 4
   674     29  -759.51355198  -759.51355198    -0.00000010     0.00003098 4
   675     17  -759.51355203  -759.51355203    -0.00000005     0.00003019 4
   676     11  -759.51355209  -759.51355209    -0.00000006     0.00003135 4
   677     23  -759.51355217  -759.51355217    -0.00000008     0.00003069 4
   678     17  -759.51355222  -759.51355222    -0.00000005     0.00002937 4
   679     11  -759.51355224  -759.51355224    -0.00000002     0.00003668 5
   680      5  -759.51355224  -759.51355224    -0.00000001     0.00003908 5
   681     23  -759.51355227  -759.51355227    -0.00000002     0.00004304 5
   682      5  -759.51355227  -759.51355227    -0.00000001     0.00004439 5
   683     11  -759.51355228  -759.51355228    -0.00000001     0.00004546 5
   684      5  -759.51355229  -759.51355229    -0.00000001     0.00004668 5
   685     17  -759.51355231  -759.51355231    -0.00000002     0.00004956 5
   686     11  -759.51355232  -759.51355232    -0.00000001     0.00005016 5
   687      5  -759.51355232  -759.51355232    -0.00000000     0.00005053 5
   688      5  -759.51355232  -759.51355232    -0.00000000     0.00005086 5
   689     11  -759.51355237  -759.51355237    -0.00000004     0.00003866 4
   690      5  -759.51355239  -759.51355239    -0.00000002     0.00003719 4
   691     11  -759.51355242  -759.51355242    -0.00000004     0.00003432 4
   692     29  -759.51355252  -759.51355252    -0.00000010     0.00003251 4
   693      5  -759.51355254  -759.51355254    -0.00000002     0.00003173 4
   694     29  -759.51355264  -759.51355264    -0.00000010     0.00003072 4
   695     29  -759.51355272  -759.51355272    -0.00000008     0.00002877 4
   696     29  -759.51355281  -759.51355281    -0.00000009     0.00002864 4
   697      5  -759.51355282  -759.51355282    -0.00000002     0.00002821 4
   698      5  -759.51355284  -759.51355284    -0.00000002     0.00002787 4
   699      5  -759.51355286  -759.51355286    -0.00000002     0.00002795 4
   700     17  -759.51355291  -759.51355291    -0.00000005     0.00002828 4
   701     17  -759.51355295  -759.51355295    -0.00000004     0.00002717 4
   702      5  -759.51355296  -759.51355296    -0.00000001     0.00003297 5
   703     11  -759.51355297  -759.51355297    -0.00000001     0.00003562 5
   704     17  -759.51355298  -759.51355298    -0.00000001     0.00003728 5
   705      5  -759.51355298  -759.51355298    -0.00000000     0.00003762 5
   706     11  -759.51355299  -759.51355299    -0.00000001     0.00003824 5
   707     11  -759.51355299  -759.51355299    -0.00000001     0.00003856 5
   708     11  -759.51355300  -759.51355300    -0.00000001     0.00003891 5
   709      5  -759.51355300  -759.51355300    -0.00000000     0.00003982 5
   710      5  -759.51355300  -759.51355300    -0.00000000     0.00003961 5
   711      5  -759.51355301  -759.51355301    -0.00000000     0.00003975 5
   712     17  -759.51355301  -759.51355301    -0.00000001     0.00003999 5
   713      5  -759.51355303  -759.51355303    -0.00000002     0.00003328 4
   714     11  -759.51355306  -759.51355306    -0.00000003     0.00002969 4
   715      5  -759.51355308  -759.51355308    -0.00000002     0.00003007 4
   716      5  -759.51355310  -759.51355310    -0.00000002     0.00002889 4
   717      5  -759.51355311  -759.51355311    -0.00000001     0.00002827 4
   718      5  -759.51355312  -759.51355312    -0.00000001     0.00002780 4
   719      5  -759.51355314  -759.51355314    -0.00000001     0.00002741 4
   720      5  -759.51355315  -759.51355315    -0.00000001     0.00002692 4
   721     11  -759.51355318  -759.51355318    -0.00000003     0.00002652 4
   722      5  -759.51355319  -759.51355319    -0.00000001     0.00002606 4
   723      5  -759.51355321  -759.51355321    -0.00000001     0.00002621 4
   724      5  -759.51355321  -759.51355321    -0.00000001     0.00003018 5
   725      5  -759.51355322  -759.51355322    -0.00000001     0.00003314 5
   726      5  -759.51355322  -759.51355322    -0.00000000     0.00003407 5
   727      5  -759.51355323  -759.51355323    -0.00000001     0.00003511 5
   728     11  -759.51355324  -759.51355324    -0.00000001     0.00003724 5
   729      5  -759.51355324  -759.51355324    -0.00000000     0.00003794 5
   730      5  -759.51355324  -759.51355324    -0.00000000     0.00003885 5
   731      5  -759.51355325  -759.51355325    -0.00000000     0.00003927 5
   732      5  -759.51355325  -759.51355325    -0.00000000     0.00003971 5
   733      5  -759.51355325  -759.51355325    -0.00000000     0.00004014 5
   734      5  -759.51355327  -759.51355327    -0.00000002     0.00003380 4
   735     11  -759.51355330  -759.51355330    -0.00000003     0.00003039 4
   736      5  -759.51355331  -759.51355331    -0.00000001     0.00002936 4
   737      5  -759.51355333  -759.51355333    -0.00000002     0.00002944 4
   738     11  -759.51355336  -759.51355336    -0.00000003     0.00002755 4
   739      5  -759.51355337  -759.51355337    -0.00000001     0.00002717 4
   740      5  -759.51355338  -759.51355338    -0.00000001     0.00002651 4
   741     11  -759.51355340  -759.51355340    -0.00000002     0.00002601 4
   742      5  -759.51355342  -759.51355342    -0.00000001     0.00002538 4
   743      5  -759.51355343  -759.51355343    -0.00000001     0.00002544 4
   744      5  -759.51355344  -759.51355344    -0.00000001     0.00002483 4
   745      5  -759.51355345  -759.51355345    -0.00000001     0.00002499 4
   746     17  -759.51355349  -759.51355349    -0.00000003     0.00002445 4
   747      5  -759.51355349  -759.51355349    -0.00000001     0.00002904 5
   748      5  -759.51355350  -759.51355350    -0.00000000     0.00003046 5
   749      5  -759.51355350  -759.51355350    -0.00000001     0.00003293 5
   750     11  -759.51355351  -759.51355351    -0.00000001     0.00003402 5
   751      5  -759.51355351  -759.51355351    -0.00000000     0.00003449 5
   752      5  -759.51355352  -759.51355352    -0.00000000     0.00003560 5
   753      5  -759.51355352  -759.51355352    -0.00000000     0.00003589 5
   754      5  -759.51355352  -759.51355352    -0.00000000     0.00003697 5
   755      5  -759.51355353  -759.51355353    -0.00000000     0.00003706 5
   756      5  -759.51355353  -759.51355353    -0.00000000     0.00003752 5
   757     11  -759.51355356  -759.51355356    -0.00000003     0.00003032 4
   758      5  -759.51355358  -759.51355358    -0.00000001     0.00002885 4
   759      5  -759.51355359  -759.51355359    -0.00000001     0.00002786 4
   760     11  -759.51355361  -759.51355361    -0.00000002     0.00002652 4
   761     11  -759.51355363  -759.51355363    -0.00000002     0.00002532 4
   762      5  -759.51355364  -759.51355364    -0.00000001     0.00002466 4
   763      5  -759.51355365  -759.51355365    -0.00000001     0.00002468 4
   764     11  -759.51355368  -759.51355368    -0.00000002     0.00002404 4
   765      5  -759.51355369  -759.51355369    -0.00000001     0.00002412 4
   766     11  -759.51355371  -759.51355371    -0.00000002     0.00002305 4
   767      5  -759.51355371  -759.51355371    -0.00000001     0.00002818 5
   768      5  -759.51355372  -759.51355372    -0.00000000     0.00003005 5
   769     11  -759.51355373  -759.51355373    -0.00000001     0.00003351 5
   770      5  -759.51355373  -759.51355373    -0.00000000     0.00003507 5
   771     11  -759.51355374  -759.51355374    -0.00000001     0.00003722 5
   772      5  -759.51355375  -759.51355375    -0.00000000     0.00003852 5
   773      5  -759.51355375  -759.51355375    -0.00000000     0.00003921 5
   774      5  -759.51355375  -759.51355375    -0.00000000     0.00003977 5
   775      5  -759.51355375  -759.51355375    -0.00000000     0.00004033 5
   776      5  -759.51355376  -759.51355376    -0.00000000     0.00004080 5
   777      5  -759.51355376  -759.51355376    -0.00000000     0.00004129 5
   778      5  -759.51355376  -759.51355376    -0.00000000     0.00004170 5
   779      5  -759.51355376  -759.51355376    -0.00000000     0.00004207 5
   780      5  -759.51355377  -759.51355377    -0.00000000     0.00004238 5
   781      5  -759.51355377  -759.51355377    -0.00000000     0.00004266 5
   782     11  -759.51355377  -759.51355377    -0.00000000     0.00004300 5
   783      5  -759.51355379  -759.51355379    -0.00000002     0.00003578 4
   784     11  -759.51355382  -759.51355382    -0.00000002     0.00003048 4
   785      5  -759.51355383  -759.51355383    -0.00000001     0.00002858 4
   786      5  -759.51355384  -759.51355384    -0.00000001     0.00002741 4
   787      5  -759.51355385  -759.51355385    -0.00000001     0.00002634 4
   788     11  -759.51355387  -759.51355387    -0.00000002     0.00002496 4
   789     11  -759.51355389  -759.51355389    -0.00000002     0.00002466 4
   790      5  -759.51355390  -759.51355390    -0.00000001     0.00002444 4
   791      5  -759.51355391  -759.51355391    -0.00000001     0.00002375 4
   792      5  -759.51355392  -759.51355392    -0.00000001     0.00002323 4
   793      5  -759.51355393  -759.51355393    -0.00000001     0.00002796 5
   794      5  -759.51355393  -759.51355393    -0.00000000     0.00002963 5
   795     17  -759.51355394  -759.51355394    -0.00000001     0.00003361 5
   796      5  -759.51355394  -759.51355394    -0.00000000     0.00003457 5
   797      5  -759.51355395  -759.51355395    -0.00000000     0.00003536 5
   798      5  -759.51355395  -759.51355395    -0.00000000     0.00003604 5
   799      5  -759.51355395  -759.51355395    -0.00000000     0.00003667 5
   800      5  -759.51355395  -759.51355395    -0.00000000     0.00003706 5
   801      5  -759.51355396  -759.51355396    -0.00000000     0.00003802 5
   802      5  -759.51355396  -759.51355396    -0.00000000     0.00003853 5
   803      5  -759.51355396  -759.51355396    -0.00000000     0.00003887 5
   804      5  -759.51355397  -759.51355397    -0.00000001     0.00003158 4
   805     11  -759.51355399  -759.51355399    -0.00000002     0.00002694 4
   806      5  -759.51355400  -759.51355400    -0.00000001     0.00002552 4
   807      5  -759.51355401  -759.51355401    -0.00000001     0.00002480 4
   808      5  -759.51355402  -759.51355402    -0.00000001     0.00002405 4
   809      5  -759.51355403  -759.51355403    -0.00000001     0.00002382 4
   810      5  -759.51355405  -759.51355405    -0.00000001     0.00002449 4
   811     11  -759.51355407  -759.51355407    -0.00000002     0.00002267 4
   812      5  -759.51355407  -759.51355407    -0.00000001     0.00002238 4
   813      5  -759.51355408  -759.51355408    -0.00000001     0.00002205 4
   814      5  -759.51355409  -759.51355409    -0.00000001     0.00002168 4
   815      5  -759.51355410  -759.51355410    -0.00000001     0.00002134 4
   816      5  -759.51355410  -759.51355410    -0.00000000     0.00002473 5
   817      5  -759.51355411  -759.51355411    -0.00000000     0.00002687 5
   818      5  -759.51355411  -759.51355411    -0.00000000     0.00002910 5
   819      5  -759.51355411  -759.51355411    -0.00000000     0.00002988 5
   820      5  -759.51355412  -759.51355412    -0.00000000     0.00003091 5
   821      5  -759.51355412  -759.51355412    -0.00000000     0.00003174 5
   822      5  -759.51355413  -759.51355413    -0.00000001     0.00003361 5
   823      5  -759.51355413  -759.51355413    -0.00000000     0.00003444 5
   824      5  -759.51355413  -759.51355413    -0.00000000     0.00003512 5
   825      5  -759.51355413  -759.51355413    -0.00000000     0.00003581 5
   826      5  -759.51355414  -759.51355414    -0.00000000     0.00003629 5
   827      5  -759.51355414  -759.51355414    -0.00000000     0.00003684 5
   828      5  -759.51355414  -759.51355414    -0.00000000     0.00003726 5
   829      5  -759.51355414  -759.51355414    -0.00000000     0.00003764 5
   830      5  -759.51355414  -759.51355414    -0.00000000     0.00003800 5
   831      5  -759.51355415  -759.51355415    -0.00000000     0.00003832 5
   832      5  -759.51355415  -759.51355415    -0.00000000     0.00003861 5
   833      5  -759.51355415  -759.51355415    -0.00000000     0.00003884 5
   834      5  -759.51355415  -759.51355415    -0.00000000     0.00003907 5
   835      5  -759.51355415  -759.51355415    -0.00000000     0.00003928 5
   836      5  -759.51355415  -759.51355415    -0.00000000     0.00003947 5
   837      5  -759.51355416  -759.51355416    -0.00000000     0.00003963 5
   838     17  -759.51355416  -759.51355416    -0.00000001     0.00003976 5
   839     11  -759.51355418  -759.51355418    -0.00000002     0.00002871 4
   840      5  -759.51355420  -759.51355420    -0.00000001     0.00002727 4
   841      5  -759.51355421  -759.51355421    -0.00000001     0.00002630 4
   842     11  -759.51355422  -759.51355422    -0.00000002     0.00002408 4
   843      5  -759.51355423  -759.51355423    -0.00000001     0.00002308 4
   844      5  -759.51355424  -759.51355424    -0.00000001     0.00002243 4
   845      5  -759.51355425  -759.51355425    -0.00000001     0.00002199 4
   846      5  -759.51355426  -759.51355426    -0.00000001     0.00002256 4
   847     11  -759.51355427  -759.51355427    -0.00000002     0.00002120 4
   848     11  -759.51355429  -759.51355429    -0.00000001     0.00002037 4
   849      5  -759.51355429  -759.51355429    -0.00000001     0.00001999 4
   850      5  -759.51355430  -759.51355430    -0.00000000     0.00002312 5
   851      5  -759.51355430  -759.51355430    -0.00000000     0.00002516 5
   852     11  -759.51355431  -759.51355431    -0.00000000     0.00002771 5
   853      5  -759.51355431  -759.51355431    -0.00000000     0.00002920 5
   854     11  -759.51355431  -759.51355431    -0.00000000     0.00003056 5
   855      5  -759.51355432  -759.51355432    -0.00000000     0.00003176 5
   856      5  -759.51355432  -759.51355432    -0.00000000     0.00003201 5
   857      5  -759.51355432  -759.51355432    -0.00000000     0.00003253 5
   858      5  -759.51355432  -759.51355432    -0.00000000     0.00003299 5
   859      5  -759.51355432  -759.51355432    -0.00000000     0.00003339 5
   860      5  -759.51355432  -759.51355432    -0.00000000     0.00003376 5
   861     11  -759.51355435  -759.51355435    -0.00000002     0.00002595 4
   862     11  -759.51355436  -759.51355436    -0.00000002     0.00002341 4
   863      5  -759.51355437  -759.51355437    -0.00000001     0.00002237 4
   864     11  -759.51355438  -759.51355438    -0.00000001     0.00002028 4
   865      5  -759.51355439  -759.51355439    -0.00000001     0.00001991 4
   866     11  -759.51355441  -759.51355441    -0.00000001     0.00001903 4
   867     11  -759.51355442  -759.51355442    -0.00000001     0.00001876 4
   868      5  -759.51355443  -759.51355443    -0.00000001     0.00001887 4
   869      5  -759.51355443  -759.51355443    -0.00000001     0.00001815 4
   870      5  -759.51355445  -759.51355445    -0.00000001     0.00002000 4
   871      5  -759.51355445  -759.51355445    -0.00000001     0.00001916 4
   872      5  -759.51355446  -759.51355446    -0.00000001     0.00001887 4
   873     11  -759.51355447  -759.51355447    -0.00000001     0.00001842 4
   874      5  -759.51355448  -759.51355448    -0.00000000     0.00002148 5
   875      5  -759.51355448  -759.51355448    -0.00000000     0.00002316 5
   876      5  -759.51355448  -759.51355448    -0.00000000     0.00002460 5
   877      5  -759.51355448  -759.51355448    -0.00000000     0.00002572 5
   878      5  -759.51355449  -759.51355449    -0.00000000     0.00002674 5
   879      5  -759.51355449  -759.51355449    -0.00000000     0.00002754 5
   880      5  -759.51355449  -759.51355449    -0.00000000     0.00002830 5
   881     11  -759.51355449  -759.51355449    -0.00000000     0.00002938 5
   882      5  -759.51355449  -759.51355449    -0.00000000     0.00002990 5
   883      5  -759.51355449  -759.51355449    -0.00000000     0.00003033 5
   884      5  -759.51355450  -759.51355450    -0.00000000     0.00003075 5
   885      5  -759.51355451  -759.51355451    -0.00000001     0.00002562 4
   886      5  -759.51355452  -759.51355452    -0.00000001     0.00002366 4
   887      5  -759.51355452  -759.51355452    -0.00000001     0.00002215 4
   888      5  -759.51355453  -759.51355453    -0.00000001     0.00002106 4
   889      5  -759.51355453  -759.51355453    -0.00000001     0.00002022 4
   890      5  -759.51355454  -759.51355454    -0.00000001     0.00001951 4
   891      5  -759.51355455  -759.51355455    -0.00000001     0.00001904 4
   892      5  -759.51355456  -759.51355456    -0.00000001     0.00002016 4
   893      5  -759.51355456  -759.51355456    -0.00000001     0.00001911 4
   894      5  -759.51355457  -759.51355457    -0.00000001     0.00001875 4
   895     11  -759.51355458  -759.51355458    -0.00000001     0.00001835 4
   896      5  -759.51355459  -759.51355459    -0.00000001     0.00001785 4
   897      5  -759.51355459  -759.51355459    -0.00000000     0.00002079 5
   898      5  -759.51355459  -759.51355459    -0.00000000     0.00002249 5
   899      5  -759.51355459  -759.51355459    -0.00000000     0.00002355 5
   900      5  -759.51355460  -759.51355460    -0.00000000     0.00002464 5
   901      5  -759.51355460  -759.51355460    -0.00000000     0.00002546 5
   902      5  -759.51355460  -759.51355460    -0.00000000     0.00002631 5
   903      5  -759.51355460  -759.51355460    -0.00000000     0.00002709 5
   904      5  -759.51355460  -759.51355460    -0.00000000     0.00002754 5
   905     11  -759.51355460  -759.51355460    -0.00000000     0.00002846 5
   906      5  -759.51355461  -759.51355461    -0.00000000     0.00002885 5
   907      5  -759.51355461  -759.51355461    -0.00000000     0.00002921 5
   908      5  -759.51355462  -759.51355462    -0.00000001     0.00002491 4
   909      5  -759.51355462  -759.51355462    -0.00000001     0.00002228 4
   910      5  -759.51355463  -759.51355463    -0.00000001     0.00002087 4
   911     11  -759.51355464  -759.51355464    -0.00000001     0.00001924 4
   912      5  -759.51355465  -759.51355465    -0.00000001     0.00001891 4
   913      5  -759.51355465  -759.51355465    -0.00000001     0.00001831 4
   914      5  -759.51355466  -759.51355466    -0.00000001     0.00001801 4
   915      5  -759.51355466  -759.51355466    -0.00000001     0.00001762 4
   916      5  -759.51355467  -759.51355467    -0.00000001     0.00001707 4
   917      5  -759.51355467  -759.51355467    -0.00000001     0.00001700 4
   918     11  -759.51355468  -759.51355468    -0.00000001     0.00002145 5
   919      5  -759.51355468  -759.51355468    -0.00000000     0.00002309 5
   920      5  -759.51355468  -759.51355468    -0.00000000     0.00002389 5
   921      5  -759.51355469  -759.51355469    -0.00000000     0.00002458 5
   922      5  -759.51355469  -759.51355469    -0.00000000     0.00002521 5
   923      5  -759.51355469  -759.51355469    -0.00000000     0.00002577 5
   924      5  -759.51355469  -759.51355469    -0.00000000     0.00002627 5
   925      5  -759.51355469  -759.51355469    -0.00000000     0.00002671 5
   926      5  -759.51355469  -759.51355469    -0.00000000     0.00002714 5
   927      5  -759.51355469  -759.51355469    -0.00000000     0.00002752 5
   928      5  -759.51355469  -759.51355469    -0.00000000     0.00002800 5
   929     17  -759.51355472  -759.51355472    -0.00000002     0.00001929 4
   930      5  -759.51355473  -759.51355473    -0.00000001     0.00001893 4
   931      5  -759.51355473  -759.51355473    -0.00000001     0.00001836 4
   932      5  -759.51355474  -759.51355474    -0.00000000     0.00001775 4
   933      5  -759.51355474  -759.51355474    -0.00000000     0.00001729 4
   934     11  -759.51355475  -759.51355475    -0.00000001     0.00001641 4
   935      5  -759.51355475  -759.51355475    -0.00000000     0.00001638 4
   936      5  -759.51355476  -759.51355476    -0.00000001     0.00001637 4
   937      5  -759.51355477  -759.51355477    -0.00000001     0.00001643 4
   938      5  -759.51355477  -759.51355477    -0.00000000     0.00001603 4
   939      5  -759.51355477  -759.51355477    -0.00000000     0.00001854 5
   940      5  -759.51355477  -759.51355477    -0.00000000     0.00002008 5
   941     17  -759.51355478  -759.51355478    -0.00000000     0.00002271 5
   942      5  -759.51355478  -759.51355478    -0.00000000     0.00002327 5
   943      5  -759.51355479  -759.51355479    -0.00000001     0.00002533 5
   944      5  -759.51355479  -759.51355479    -0.00000000     0.00002589 5
   945      5  -759.51355479  -759.51355479    -0.00000000     0.00002642 5
   946      5  -759.51355479  -759.51355479    -0.00000000     0.00002686 5
   947      5  -759.51355479  -759.51355479    -0.00000000     0.00002726 5
   948      5  -759.51355479  -759.51355479    -0.00000000     0.00002762 5
   949      5  -759.51355479  -759.51355479    -0.00000000     0.00002796 5
   950      5  -759.51355480  -759.51355480    -0.00000000     0.00002830 5
   951      5  -759.51355480  -759.51355480    -0.00000000     0.00002858 5
   952      5  -759.51355480  -759.51355480    -0.00000000     0.00002880 5
   953     11  -759.51355480  -759.51355480    -0.00000000     0.00002913 5
   954      5  -759.51355480  -759.51355480    -0.00000000     0.00002929 5
   955      5  -759.51355480  -759.51355480    -0.00000000     0.00002949 5
   956      5  -759.51355480  -759.51355480    -0.00000000     0.00002960 5
   957      5  -759.51355480  -759.51355480    -0.00000000     0.00002972 5
   958      5  -759.51355481  -759.51355481    -0.00000000     0.00002985 5
   959      5  -759.51355481  -759.51355481    -0.00000000     0.00002995 5
   960      5  -759.51355481  -759.51355481    -0.00000000     0.00003007 5
   961      5  -759.51355481  -759.51355481    -0.00000000     0.00003106 5
   962      5  -759.51355481  -759.51355481    -0.00000001     0.00002477 4
   963      5  -759.51355482  -759.51355482    -0.00000001     0.00002176 4
   964      5  -759.51355482  -759.51355482    -0.00000000     0.00002010 4
   965      5  -759.51355483  -759.51355483    -0.00000000     0.00001892 4
   966      5  -759.51355483  -759.51355483    -0.00000000     0.00001799 4
   967      5  -759.51355484  -759.51355484    -0.00000000     0.00001722 4
   968      5  -759.51355484  -759.51355484    -0.00000000     0.00001701 4
   969     11  -759.51355485  -759.51355485    -0.00000001     0.00001623 4
   970      5  -759.51355486  -759.51355486    -0.00000000     0.00001605 4
   971      5  -759.51355486  -759.51355486    -0.00000000     0.00001532 4
   972      5  -759.51355486  -759.51355486    -0.00000000     0.00001931 5
   973      5  -759.51355487  -759.51355487    -0.00000000     0.00002135 5
   974      5  -759.51355487  -759.51355487    -0.00000000     0.00002330 5
   975      5  -759.51355487  -759.51355487    -0.00000000     0.00002437 5
   976      5  -759.51355487  -759.51355487    -0.00000000     0.00002528 5
   977      5  -759.51355487  -759.51355487    -0.00000000     0.00002590 5
   978      5  -759.51355487  -759.51355487    -0.00000000     0.00002701 5
   979      5  -759.51355487  -759.51355487    -0.00000000     0.00002760 5
   980      5  -759.51355488  -759.51355488    -0.00000000     0.00002802 5
   981     11  -759.51355488  -759.51355488    -0.00000000     0.00002868 5
   982      5  -759.51355488  -759.51355488    -0.00000001     0.00002239 4
   983      5  -759.51355489  -759.51355489    -0.00000000     0.00002011 4
   984      5  -759.51355489  -759.51355489    -0.00000001     0.00001823 4
   985      5  -759.51355490  -759.51355490    -0.00000000     0.00001753 4
   986      5  -759.51355490  -759.51355490    -0.00000000     0.00001699 4
   987      5  -759.51355491  -759.51355491    -0.00000001     0.00001773 4
   988      5  -759.51355492  -759.51355492    -0.00000000     0.00001702 4
   989      5  -759.51355492  -759.51355492    -0.00000000     0.00001631 4
   990      5  -759.51355493  -759.51355493    -0.00000000     0.00001592 4
   991     11  -759.51355493  -759.51355493    -0.00000001     0.00001538 4
   992      5  -759.51355494  -759.51355494    -0.00000000     0.00001494 4
   993      5  -759.51355494  -759.51355494    -0.00000000     0.00001854 5
   994      5  -759.51355494  -759.51355494    -0.00000000     0.00002067 5
   995      5  -759.51355494  -759.51355494    -0.00000000     0.00002215 5
   996     11  -759.51355495  -759.51355495    -0.00000000     0.00002447 5
   997      5  -759.51355495  -759.51355495    -0.00000000     0.00002523 5
   998      5  -759.51355495  -759.51355495    -0.00000000     0.00002596 5
   999      5  -759.51355495  -759.51355495    -0.00000000     0.00002646 5
  1000      5  -759.51355495  -759.51355495    -0.00000000     0.00002690 5

RESULTS OF THE OCCUPATION OPTIMIZATION
========================================
   1    2.0000000  -166.16236987
   2    2.0000000  -19.30153169
   3    2.0000000  -15.91127543
   4    2.0000000  -15.93496737
   5    2.0000000  -15.92687078
   6    2.0000000  -2.08652793
   7    2.0000000  -2.51045908
   8    2.0000000  -1.87092125
   9    2.0000000  -1.85606196
  10    1.1112260  -0.28661527
  11    0.8727329  -0.22419030
  12    0.0126274  -0.00500879
  13    0.0034138  -0.00126786

----------------
 Final Energies 
----------------
       HF Total Energy =    -759.4563905
Final NOF Total Energy =    -759.5135550
    Correlation Energy =      -0.0571645


Number of basis functions                   (NBF)    = 55
Inactive Doubly occupied orbitals up to     (NO1)    = 9
No. considered Strongly Doubly occupied MOs (NDOC)   = 1
No. considered Strongly Singly occupied MOs (NSOC)   = 0
NO. of Weakly occ. per St. Doubly occ.  MOs (NCWO)   = 3
Dimension of the Active Nat. Orb. subspace  (NBF5)   = 13
No. of electrons                                     = 20
Multiplicity                                         = 1

No violations of the orthonormality
No violations of the orthonormality

PNOF7 Calculation
==================

Nitext  Nitint      Eelec           Etot          Ediff         maxdiff    
     1      0  -759.51355664  -759.51355664 -10758.51355664     0.00002541 1
     2      5  -759.51355664  -759.51355664    -0.00000000     0.00002082 1
     3      5  -759.51355665  -759.51355665    -0.00000000     0.00001840 2
     4      5  -759.51355665  -759.51355665    -0.00000000     0.00001701 2
     5      5  -759.51355665  -759.51355665    -0.00000000     0.00001613 2
     6      5  -759.51355666  -759.51355666    -0.00000000     0.00001549 2
     7      5  -759.51355666  -759.51355666    -0.00000000     0.00001513 2
     8      5  -759.51355666  -759.51355666    -0.00000000     0.00001451 2
     9      5  -759.51355667  -759.51355667    -0.00000000     0.00001406 2
    10      5  -759.51355667  -759.51355667    -0.00000000     0.00001447 2
    11      5  -759.51355668  -759.51355668    -0.00000000     0.00001385 2
    12      5  -759.51355668  -759.51355668    -0.00000000     0.00001347 2
    13      5  -759.51355669  -759.51355669    -0.00000001     0.00001463 3
    14      5  -759.51355669  -759.51355669    -0.00000000     0.00001431 3
    15      5  -759.51355670  -759.51355670    -0.00000000     0.00001404 3
    16      5  -759.51355670  -759.51355670    -0.00000000     0.00001395 3
    17      5  -759.51355670  -759.51355670    -0.00000000     0.00001371 3
    18     11  -759.51355671  -759.51355671    -0.00000001     0.00001305 3
    19      5  -759.51355671  -759.51355671    -0.00000000     0.00001302 3
    20     11  -759.51355672  -759.51355672    -0.00000001     0.00001277 3
    21      5  -759.51355672  -759.51355672    -0.00000000     0.00001255 3
    22      5  -759.51355672  -759.51355672    -0.00000000     0.00001281 3
    23      5  -759.51355673  -759.51355673    -0.00000000     0.00001243 3
    24      5  -759.51355673  -759.51355673    -0.00000000     0.00001228 3
    25      5  -759.51355673  -759.51355673    -0.00000000     0.00001212 3
    26      5  -759.51355674  -759.51355674    -0.00000000     0.00001200 4
    27      5  -759.51355674  -759.51355674    -0.00000000     0.00001187 4
    28      5  -759.51355674  -759.51355674    -0.00000000     0.00001208 4
    29      5  -759.51355675  -759.51355675    -0.00000000     0.00001188 4
    30     11  -759.51355675  -759.51355675    -0.00000001     0.00001151 4
    31      5  -759.51355676  -759.51355676    -0.00000001     0.00001176 4
    32      5  -759.51355676  -759.51355676    -0.00000000     0.00001215 4
    33      5  -759.51355676  -759.51355676    -0.00000000     0.00001201 4
    34      5  -759.51355677  -759.51355677    -0.00000000     0.00001190 4
    35     11  -759.51355677  -759.51355677    -0.00000001     0.00001197 4
    36      5  -759.51355677  -759.51355677    -0.00000000     0.00001473 5
    37      5  -759.51355677  -759.51355677    -0.00000000     0.00001644 5
    38      5  -759.51355678  -759.51355678    -0.00000000     0.00001773 5
    39      5  -759.51355678  -759.51355678    -0.00000000     0.00001866 5
    40      5  -759.51355678  -759.51355678    -0.00000000     0.00001942 5
    41      5  -759.51355678  -759.51355678    -0.00000000     0.00002016 5
    42      5  -759.51355678  -759.51355678    -0.00000001     0.00002207 5
    43      5  -759.51355679  -759.51355679    -0.00000000     0.00002283 5
    44      5  -759.51355679  -759.51355679    -0.00000000     0.00002344 5
    45      5  -759.51355679  -759.51355679    -0.00000000     0.00002390 5
    46      5  -759.51355679  -759.51355679    -0.00000000     0.00002426 5
    47      5  -759.51355679  -759.51355679    -0.00000000     0.00002465 5
    48      5  -759.51355679  -759.51355679    -0.00000000     0.00001925 4
    49      5  -759.51355680  -759.51355680    -0.00000000     0.00001698 4
    50      5  -759.51355680  -759.51355680    -0.00000000     0.00001565 4
    51      5  -759.51355680  -759.51355680    -0.00000000     0.00001461 4
    52      5  -759.51355680  -759.51355680    -0.00000000     0.00001388 4
    53      5  -759.51355681  -759.51355681    -0.00000000     0.00001340 4
    54      5  -759.51355681  -759.51355681    -0.00000000     0.00001289 4
    55      5  -759.51355681  -759.51355681    -0.00000000     0.00001278 4
    56      5  -759.51355681  -759.51355681    -0.00000000     0.00001243 4
    57      5  -759.51355682  -759.51355682    -0.00000000     0.00001198 4
    58      5  -759.51355683  -759.51355683    -0.00000001     0.00001727 5
    59      5  -759.51355683  -759.51355683    -0.00000000     0.00001890 5
    60      5  -759.51355683  -759.51355683    -0.00000000     0.00002001 5
    61      5  -759.51355683  -759.51355683    -0.00000000     0.00002102 5
    62      5  -759.51355683  -759.51355683    -0.00000000     0.00002185 5
    63      5  -759.51355683  -759.51355683    -0.00000000     0.00002248 5
    64      5  -759.51355683  -759.51355683    -0.00000000     0.00002297 5
    65     11  -759.51355683  -759.51355683    -0.00000000     0.00002384 5
    66      5  -759.51355683  -759.51355683    -0.00000000     0.00002426 5
    67      5  -759.51355684  -759.51355684    -0.00000000     0.00002452 5
    68      5  -759.51355684  -759.51355684    -0.00000000     0.00002483 5
    69      5  -759.51355684  -759.51355684    -0.00000000     0.00002508 5
    70      5  -759.51355684  -759.51355684    -0.00000000     0.00002524 5
    71      5  -759.51355684  -759.51355684    -0.00000000     0.00002552 5
    72      5  -759.51355684  -759.51355684    -0.00000000     0.00002559 5
    73      5  -759.51355684  -759.51355684    -0.00000000     0.00002567 5
    74      5  -759.51355684  -759.51355684    -0.00000000     0.00002575 5
    75      5  -759.51355684  -759.51355684    -0.00000000     0.00002579 5
    76      5  -759.51355684  -759.51355684    -0.00000000     0.00002590 5
    77      5  -759.51355684  -759.51355684    -0.00000000     0.00002592 5
    78     11  -759.51355684  -759.51355684    -0.00000000     0.00002592 5
    79      5  -759.51355684  -759.51355684    -0.00000000     0.00002595 5
    80     11  -759.51355685  -759.51355685    -0.00000000     0.00002590 5
    81      5  -759.51355685  -759.51355685    -0.00000000     0.00002592 5
    82      5  -759.51355685  -759.51355685    -0.00000000     0.00002592 5
    83      5  -759.51355685  -759.51355685    -0.00000000     0.00002004 4
    84      5  -759.51355685  -759.51355685    -0.00000000     0.00001742 4
    85      5  -759.51355686  -759.51355686    -0.00000000     0.00001617 4
    86      5  -759.51355686  -759.51355686    -0.00000000     0.00001473 4
    87      5  -759.51355686  -759.51355686    -0.00000000     0.00001384 4
    88     11  -759.51355687  -759.51355687    -0.00000000     0.00001248 4
    89      5  -759.51355687  -759.51355687    -0.00000000     0.00001209 4
    90      5  -759.51355687  -759.51355687    -0.00000000     0.00001178 4
    91      5  -759.51355687  -759.51355687    -0.00000000     0.00001145 4
    92     11  -759.51355688  -759.51355688    -0.00000000     0.00001107 4
    93      5  -759.51355688  -759.51355688    -0.00000000     0.00001374 5
    94      5  -759.51355688  -759.51355688    -0.00000000     0.00001600 5
    95      5  -759.51355688  -759.51355688    -0.00000000     0.00001708 5
    96      5  -759.51355688  -759.51355688    -0.00000000     0.00001799 5
    97      5  -759.51355688  -759.51355688    -0.00000000     0.00001871 5
    98      5  -759.51355689  -759.51355689    -0.00000000     0.00001927 5
    99      5  -759.51355689  -759.51355689    -0.00000000     0.00001977 5
   100      5  -759.51355689  -759.51355689    -0.00000000     0.00002011 5
   101      5  -759.51355689  -759.51355689    -0.00000000     0.00002049 5
   102      5  -759.51355689  -759.51355689    -0.00000000     0.00002084 5
   103      5  -759.51355689  -759.51355689    -0.00000000     0.00002108 5
   104      5  -759.51355689  -759.51355689    -0.00000000     0.00002128 5
   105      0  -759.51355689  -759.51355689    -0.00000000     0.00002133 5
   106      0  -759.51355689  -759.51355689    -0.00000000     0.00002137 5
   107      0  -759.51355689  -759.51355689    -0.00000000     0.00002141 5
   108      0  -759.51355689  -759.51355689    -0.00000000     0.00002144 5
   109      0  -759.51355689  -759.51355689    -0.00000000     0.00002148 5
   110      0  -759.51355689  -759.51355689    -0.00000000     0.00002151 5
   111      0  -759.51355689  -759.51355689    -0.00000000     0.00002155 5
   112      0  -759.51355689  -759.51355689    -0.00000000     0.00002158 5
   113      0  -759.51355689  -759.51355689    -0.00000000     0.00002161 5
   114      0  -759.51355689  -759.51355689    -0.00000000     0.00002164 5
   115      0  -759.51355689  -759.51355689    -0.00000000     0.00002167 5
   116      0  -759.51355689  -759.51355689    -0.00000000     0.00002170 5
   117      0  -759.51355689  -759.51355689    -0.00000000     0.00002173 5
   118      0  -759.51355689  -759.51355689    -0.00000000     0.00002175 5
   119      0  -759.51355689  -759.51355689    -0.00000000     0.00002178 5
   120      0  -759.51355689  -759.51355689    -0.00000000     0.00002180 5
   121      0  -759.51355689  -759.51355689    -0.00000000     0.00002183 5
   122      0  -759.51355689  -759.51355689    -0.00000000     0.00002185 5
   123      0  -759.51355689  -759.51355689    -0.00000000     0.00002187 5
   124      0  -759.51355689  -759.51355689    -0.00000000     0.00002189 5
   125      0  -759.51355689  -759.51355689    -0.00000000     0.00002191 5
   126      0  -759.51355689  -759.51355689    -0.00000000     0.00002193 5
   127      0  -759.51355689  -759.51355689    -0.00000000     0.00002195 5
   128      0  -759.51355689  -759.51355689    -0.00000000     0.00002197 5
   129      0  -759.51355689  -759.51355689    -0.00000000     0.00002199 5
   130      0  -759.51355689  -759.51355689    -0.00000000     0.00002201 5
   131      0  -759.51355689  -759.51355689    -0.00000000     0.00002202 5
   132      0  -759.51355689  -759.51355689    -0.00000000     0.00002204 5
   133      0  -759.51355689  -759.51355689    -0.00000000     0.00002206 5
   134      0  -759.51355689  -759.51355689    -0.00000000     0.00002207 5
   135      0  -759.51355689  -759.51355689    -0.00000000     0.00002209 5
   136      0  -759.51355689  -759.51355689    -0.00000000     0.00002210 5
   137      0  -759.51355689  -759.51355689    -0.00000000     0.00002212 5
   138      0  -759.51355689  -759.51355689    -0.00000000     0.00002213 5
   139      0  -759.51355689  -759.51355689    -0.00000000     0.00002214 5
   140      0  -759.51355689  -759.51355689    -0.00000000     0.00002215 5
   141      0  -759.51355689  -759.51355689    -0.00000000     0.00002217 5
   142      0  -759.51355689  -759.51355689    -0.00000000     0.00002218 5
   143      0  -759.51355689  -759.51355689    -0.00000000     0.00002219 5
   144      0  -759.51355689  -759.51355689    -0.00000000     0.00002220 5
   145      0  -759.51355689  -759.51355689    -0.00000000     0.00002221 5
   146      0  -759.51355689  -759.51355689    -0.00000000     0.00002222 5
   147      0  -759.51355689  -759.51355689    -0.00000000     0.00002223 5
   148      0  -759.51355689  -759.51355689    -0.00000000     0.00002224 5
   149      0  -759.51355689  -759.51355689    -0.00000000     0.00002225 5
   150      0  -759.51355689  -759.51355689    -0.00000000     0.00002225 5
   151      0  -759.51355689  -759.51355689    -0.00000000     0.00002226 5
   152      0  -759.51355689  -759.51355689    -0.00000000     0.00002227 5
   153      0  -759.51355689  -759.51355689    -0.00000000     0.00002228 5
   154      0  -759.51355689  -759.51355689    -0.00000000     0.00002228 5
   155      0  -759.51355689  -759.51355689    -0.00000000     0.00002229 5
   156      0  -759.51355689  -759.51355689    -0.00000000     0.00002230 5
   157      0  -759.51355689  -759.51355689    -0.00000000     0.00002230 5
   158      0  -759.51355689  -759.51355689    -0.00000000     0.00002231 5
   159      0  -759.51355689  -759.51355689    -0.00000000     0.00002231 5
   160      0  -759.51355689  -759.51355689    -0.00000000     0.00002232 5
   161      0  -759.51355689  -759.51355689    -0.00000000     0.00002232 5
   162      0  -759.51355689  -759.51355689    -0.00000000     0.00002233 5
   163      0  -759.51355689  -759.51355689    -0.00000000     0.00002233 5
   164      0  -759.51355689  -759.51355689    -0.00000000     0.00002233 5
   165      0  -759.51355689  -759.51355689    -0.00000000     0.00002234 5
   166      0  -759.51355689  -759.51355689    -0.00000000     0.00002234 5
   167      0  -759.51355689  -759.51355689    -0.00000000     0.00002234 5
   168      0  -759.51355689  -759.51355689    -0.00000000     0.00002235 5
   169      0  -759.51355689  -759.51355689    -0.00000000     0.00002235 5
   170      0  -759.51355689  -759.51355689    -0.00000000     0.00002235 5
   171      0  -759.51355689  -759.51355689    -0.00000000     0.00002235 5
   172      0  -759.51355689  -759.51355689    -0.00000000     0.00002236 5
   173      0  -759.51355689  -759.51355689    -0.00000000     0.00002236 5
   174      0  -759.51355689  -759.51355689    -0.00000000     0.00002236 5
   175      0  -759.51355690  -759.51355690    -0.00000000     0.00002236 5
   176      0  -759.51355690  -759.51355690    -0.00000000     0.00002236 5
   177      0  -759.51355690  -759.51355690    -0.00000000     0.00002236 5
   178      0  -759.51355690  -759.51355690    -0.00000000     0.00002236 5
   179      0  -759.51355690  -759.51355690    -0.00000000     0.00002236 5
   180      0  -759.51355690  -759.51355690    -0.00000000     0.00002236 5
   181      0  -759.51355690  -759.51355690    -0.00000000     0.00002236 5
   182      0  -759.51355690  -759.51355690    -0.00000000     0.00002236 5
   183      0  -759.51355690  -759.51355690    -0.00000000     0.00002236 5
   184      0  -759.51355690  -759.51355690    -0.00000000     0.00002236 5
   185      0  -759.51355690  -759.51355690    -0.00000000     0.00002236 5
   186      0  -759.51355690  -759.51355690    -0.00000000     0.00002236 5
   187      0  -759.51355690  -759.51355690    -0.00000000     0.00002236 5
   188      0  -759.51355690  -759.51355690    -0.00000000     0.00002236 5
   189      0  -759.51355690  -759.51355690    -0.00000000     0.00002236 5
   190      0  -759.51355690  -759.51355690    -0.00000000     0.00002236 5
   191      0  -759.51355690  -759.51355690    -0.00000000     0.00002235 5
   192      0  -759.51355690  -759.51355690    -0.00000000     0.00002235 5
   193      0  -759.51355690  -759.51355690    -0.00000000     0.00002235 5
   194      0  -759.51355690  -759.51355690    -0.00000000     0.00002235 5
   195      0  -759.51355690  -759.51355690    -0.00000000     0.00002235 5
   196      0  -759.51355690  -759.51355690    -0.00000000     0.00002234 5
   197      0  -759.51355690  -759.51355690    -0.00000000     0.00002234 5
   198      0  -759.51355690  -759.51355690    -0.00000000     0.00002234 5
   199      0  -759.51355690  -759.51355690    -0.00000000     0.00002234 5
   200      0  -759.51355690  -759.51355690    -0.00000000     0.00002233 5
   201      0  -759.51355690  -759.51355690    -0.00000000     0.00002233 5
   202      0  -759.51355690  -759.51355690    -0.00000000     0.00002233 5
   203      0  -759.51355690  -759.51355690    -0.00000000     0.00002232 5
   204      0  -759.51355690  -759.51355690    -0.00000000     0.00002232 5
   205      0  -759.51355690  -759.51355690    -0.00000000     0.00002232 5
   206      5  -759.51355690  -759.51355690    -0.00000001     0.00001812 4
   207      5  -759.51355691  -759.51355691    -0.00000000     0.00001550 4
   208      5  -759.51355691  -759.51355691    -0.00000000     0.00001426 4
   209      5  -759.51355691  -759.51355691    -0.00000000     0.00001349 4
   210      5  -759.51355691  -759.51355691    -0.00000000     0.00001272 4
   211     11  -759.51355692  -759.51355692    -0.00000000     0.00001136 4
   212     11  -759.51355692  -759.51355692    -0.00000000     0.00001070 4
   213      5  -759.51355692  -759.51355692    -0.00000000     0.00001046 4
   214      5  -759.51355693  -759.51355693    -0.00000000     0.00001024 4
   215      5  -759.51355693  -759.51355693    -0.00000000     0.00001042 4
   216      5  -759.51355693  -759.51355693    -0.00000000     0.00001013 4
   217      5  -759.51355693  -759.51355693    -0.00000000     0.00000991 4
   217      0  -759.51355693  -759.51355693    -0.00000000     0.00000975 4

RESULTS OF THE OCCUPATION OPTIMIZATION
========================================
   1    2.0000000  -166.16231121
   2    2.0000000  -19.30146720
   3    2.0000000  -15.91123485
   4    2.0000000  -15.93493086
   5    2.0000000  -15.92676057
   6    2.0000000  -2.08648144
   7    2.0000000  -2.51040456
   8    2.0000000  -1.87085563
   9    2.0000000  -1.85600560
  10    1.1122733  -0.28684925
  11    0.8716548  -0.22393752
  12    0.0125916  -0.00499333
  13    0.0034803  -0.00128724

----------------
 Final Energies 
----------------
Final NOF Total Energy =    -759.5135569


Elapsed Time:     296.72 (Seconds)
