
  Memory set to   3.725 GiB by Python driver.
   => Loading Basis Set <=

    Name: DEF2-TZVPD
    Role: ORBITAL
    Keyword: BASIS
    atoms 1 entry SC         line   786 file /home/jfhlewyee/anaconda3/envs/pydonof/share/psi4/basis/def2-tzvpd.gbs 

   => Loading Basis Set <=

    Name: (DEF2-TZVPD AUX)
    Role: JKFIT
    Keyword: DF_BASIS_SCF
    atoms 1 entry SC         line  1353 file /home/jfhlewyee/anaconda3/envs/pydonof/share/psi4/basis/def2-tzvp-jkfit.gbs 

Number of basis functions                   (NBF)    = 55
Number of auxiliary basis functions         (NBFAUX) = 377
Inactive Doubly occupied orbitals up to     (NO1)    = 9
No. considered Strongly Doubly occupied MOs (NDOC)   = 0
No. considered Strongly Singly occupied MOs (NSOC)   = 2
NO. of Weakly occ. per St. Doubly occ.  MOs (NCWO)   = 0
Dimension of the Active Nat. Orb. subspace  (NBF5)   = 11
No. of electrons                                     = 20
Multiplicity                                         = 3

No violations of the orthonormality
Hartree-Fock
============

Nitext  Nitint      Eelec           Etot           Ediff         maxdiff    
     0      0  -719.52634178  -719.52634178    26.23679352    17.46303174
     1     29  -758.03785044  -758.03785044    -0.09236822     2.06555413
     2     29  -758.79564384  -758.79564384     0.01820755     1.21939816
     3     29  -759.29772590  -759.29772590    -0.02652960     0.89236896
     4     29  -759.40957419  -759.40957419     0.03649831     0.59986036
     5     29  -759.44865766  -759.44865766     0.00488623     0.57734521
     6     29  -759.45142190  -759.45142190    -0.01786819     0.63519880
     7     29  -759.47767207  -759.47767207     0.00062300     0.28913501
     8     29  -759.48612225  -759.48612225    -0.00922019     0.23679000
     9     29  -759.49622169  -759.49622169    -0.03732125     0.17691987
    10     29  -759.47717361  -759.47717361     0.01057108     0.54705515
    11     29  -759.50522587  -759.50522587     0.00251017     0.26075985
    12     29  -759.50722448  -759.50722448    -0.00359359     0.26599536
    13     29  -759.50755774  -759.50755774    -0.01958062     0.32736349
    14     29  -759.51081621  -759.51081621    -0.00906777     0.25379489
    15     29  -759.50614517  -759.50614517     0.00809328     0.43059372
    16     29  -759.50331441  -759.50331441     0.00489401     0.43401628
    17     29  -759.49878843  -759.49878843     0.02081528     0.44164623
    18     29  -759.51376167  -759.51376167    -0.00589882     0.26062841
    19     29  -759.51672529  -759.51672529    -0.00498673     0.34730876
    20     29  -759.50774742  -759.50774742     0.00679777     0.37788109
    21     29  -759.51769262  -759.51769262    -0.00507376     0.32159788
    22     29  -759.51102429  -759.51102429    -0.00446603     0.25818668
    23     29  -759.51292516  -759.51292516    -0.00247240     0.46685948
    24     29  -759.50953191  -759.50953191     0.00910520     0.33735208
    25     29  -759.50428568  -759.50428568     0.00554780     0.49874219
    26     29  -759.51409687  -759.51409687    -0.00256087     0.35920657
    27     29  -759.51416874  -759.51416874     0.00115249     0.29025768
    28     29  -759.51745115  -759.51745115    -0.00792489     0.27603330
    29     29  -759.50866431  -759.50866431     0.00850236     0.41948210
No violations of the orthonormality

PNOF7 Calculation
==================

Nitext  Nitint      Eelec           Etot          Ediff         maxdiff    
     1      0  -753.15925574  -753.15925574 -10752.15925574     6.63375123 1
     2     29  -759.33497429  -759.33497429    -6.17571855     0.81890055 1
     3     29  -759.39099446  -759.39099446    -0.05602017     1.44505953 1
     4     29  -759.28204880  -759.28204880     0.10894566     0.96932456 1
     5     29  -758.67519286  -758.67519286     0.60685595     1.94088432 0
     6     29  -759.30492880  -759.30492880    -0.62973594     1.50010458 0
     7     29  -759.34857228  -759.34857228    -0.04364348     1.09813812 0
     8     29  -759.51793733  -759.51793733    -0.16936505     0.34813395 0
     9     29  -759.52454977  -759.52454977    -0.00661244     0.20338807 0
    10     29  -759.52633382  -759.52633382    -0.00178405     0.08404343 0
    11     29  -759.52664486  -759.52664486    -0.00031104     0.03207055 0
    12     29  -759.52669148  -759.52669148    -0.00004661     0.01207688 0
    13     29  -759.52669947  -759.52669947    -0.00000799     0.00453759 0
    14     29  -759.52670200  -759.52670200    -0.00000253     0.00170415 0
    15     29  -759.52670367  -759.52670367    -0.00000167     0.00066381 0
    16     29  -759.52670513  -759.52670513    -0.00000146     0.00005128 0
    17     29  -759.52670654  -759.52670654    -0.00000141     0.00005131 0
    18     29  -759.52670797  -759.52670797    -0.00000143     0.00005262 0
    19     29  -759.52670945  -759.52670945    -0.00000148     0.00005154 1
    20     29  -759.52671094  -759.52671094    -0.00000149     0.00005102 1
    21     29  -759.52671241  -759.52671241    -0.00000147     0.00005371 1
    22     29  -759.52671391  -759.52671391    -0.00000150     0.00005396 1
    23     29  -759.52671542  -759.52671542    -0.00000151     0.00005337 1
    24     29  -759.52671693  -759.52671693    -0.00000151     0.00005508 1
    25     29  -759.52671848  -759.52671848    -0.00000155     0.00005397 1
    26     29  -759.52672005  -759.52672005    -0.00000157     0.00005537 1
    27     29  -759.52672165  -759.52672165    -0.00000160     0.00005514 1
    28     29  -759.52672320  -759.52672320    -0.00000156     0.00005479 1
    29     11  -759.52672383  -759.52672383    -0.00000063     0.00005476 2
    30     29  -759.52672541  -759.52672541    -0.00000158     0.00005538 2
    31     29  -759.52672701  -759.52672701    -0.00000161     0.00005559 2
    32     29  -759.52672863  -759.52672863    -0.00000162     0.00005552 2
    33      5  -759.52672895  -759.52672895    -0.00000032     0.00005571 2
    34     29  -759.52673062  -759.52673062    -0.00000167     0.00005658 2
    35     29  -759.52673227  -759.52673227    -0.00000165     0.00005626 2
    36     29  -759.52673390  -759.52673390    -0.00000163     0.00005601 2
    37     29  -759.52673554  -759.52673554    -0.00000164     0.00005692 2
    38     17  -759.52673653  -759.52673653    -0.00000099     0.00005650 2
    39     29  -759.52673820  -759.52673820    -0.00000167     0.00005554 2
    40     23  -759.52673952  -759.52673952    -0.00000132     0.00005633 3
    41     29  -759.52674125  -759.52674125    -0.00000173     0.00005657 3
    42     29  -759.52674292  -759.52674292    -0.00000167     0.00005689 3
    43     29  -759.52674460  -759.52674460    -0.00000168     0.00005654 3
    44     29  -759.52674631  -759.52674631    -0.00000171     0.00005632 3
    45     29  -759.52674800  -759.52674800    -0.00000169     0.00005757 3
    46     29  -759.52674970  -759.52674970    -0.00000171     0.00005834 3
    47     29  -759.52675146  -759.52675146    -0.00000175     0.00005633 3
    48     29  -759.52675318  -759.52675318    -0.00000173     0.00005526 3
    49     29  -759.52675489  -759.52675489    -0.00000170     0.00005762 3
    50     29  -759.52675668  -759.52675668    -0.00000179     0.00005676 3
    51     29  -759.52675838  -759.52675838    -0.00000171     0.00005708 4
    52     29  -759.52676009  -759.52676009    -0.00000171     0.00005751 4
    53     29  -759.52676185  -759.52676185    -0.00000176     0.00005869 4
    54     29  -759.52676356  -759.52676356    -0.00000171     0.00005688 4
    55     29  -759.52676526  -759.52676526    -0.00000170     0.00005751 4
    56     29  -759.52676701  -759.52676701    -0.00000176     0.00005767 4
    57     29  -759.52676871  -759.52676871    -0.00000169     0.00005726 4
    58     29  -759.52677042  -759.52677042    -0.00000171     0.00005768 4
    59     29  -759.52677210  -759.52677210    -0.00000168     0.00005732 4
    60     29  -759.52677378  -759.52677378    -0.00000168     0.00005724 4
    61     29  -759.52677551  -759.52677551    -0.00000172     0.00005654 4
    62     29  -759.52677718  -759.52677718    -0.00000168     0.00005762 4
    63     29  -759.52677737  -759.52677737    -0.00000018     0.00005768 5
    64     17  -759.52677748  -759.52677748    -0.00000011     0.00005780 5
    65     17  -759.52677758  -759.52677758    -0.00000011     0.00005798 5
    66      5  -759.52677762  -759.52677762    -0.00000004     0.00005800 5
    67     11  -759.52677769  -759.52677769    -0.00000007     0.00005793 5
    68     29  -759.52677787  -759.52677787    -0.00000018     0.00005813 5
    69     23  -759.52677801  -759.52677801    -0.00000014     0.00005747 5
    70      5  -759.52677805  -759.52677805    -0.00000003     0.00005752 5
    71      5  -759.52677808  -759.52677808    -0.00000003     0.00005758 5
    72      5  -759.52677812  -759.52677812    -0.00000003     0.00005763 5
    73      5  -759.52677815  -759.52677815    -0.00000003     0.00005767 5
    74     29  -759.52677987  -759.52677987    -0.00000172     0.00005770 4
    75      5  -759.52678021  -759.52678021    -0.00000033     0.00005752 4
    76     29  -759.52678186  -759.52678186    -0.00000166     0.00005734 4
    77     29  -759.52678351  -759.52678351    -0.00000165     0.00005690 4
    78     29  -759.52678515  -759.52678515    -0.00000164     0.00005718 4
    79     29  -759.52678679  -759.52678679    -0.00000164     0.00005656 4
    80     29  -759.52678843  -759.52678843    -0.00000164     0.00005701 4
    81     29  -759.52679010  -759.52679010    -0.00000167     0.00005571 4
    82     29  -759.52679175  -759.52679175    -0.00000165     0.00005588 4
    83     29  -759.52679340  -759.52679340    -0.00000165     0.00005601 4
    84     29  -759.52679358  -759.52679358    -0.00000018     0.00005600 5
    85     29  -759.52679375  -759.52679375    -0.00000017     0.00005658 5
    86     23  -759.52679388  -759.52679388    -0.00000014     0.00005611 5
    87      5  -759.52679392  -759.52679392    -0.00000003     0.00005608 5
    88     11  -759.52679399  -759.52679399    -0.00000007     0.00005594 5
    89      5  -759.52679402  -759.52679402    -0.00000003     0.00005597 5
    90      5  -759.52679405  -759.52679405    -0.00000003     0.00005599 5
    91     11  -759.52679412  -759.52679412    -0.00000007     0.00005585 5
    92     23  -759.52679426  -759.52679426    -0.00000014     0.00005602 5
    93     23  -759.52679440  -759.52679440    -0.00000014     0.00005609 5
    94      5  -759.52679443  -759.52679443    -0.00000003     0.00005610 5
    95     29  -759.52679607  -759.52679607    -0.00000164     0.00005565 4
    96     29  -759.52679768  -759.52679768    -0.00000161     0.00005552 4
    97     29  -759.52679923  -759.52679923    -0.00000155     0.00005516 4
    98     23  -759.52680046  -759.52680046    -0.00000123     0.00005458 4
    99     11  -759.52680107  -759.52680107    -0.00000061     0.00005480 4
   100     29  -759.52680260  -759.52680260    -0.00000153     0.00005675 4
   101     29  -759.52680411  -759.52680411    -0.00000151     0.00005453 4
   102     29  -759.52680560  -759.52680560    -0.00000149     0.00005425 4
   103     29  -759.52680718  -759.52680718    -0.00000158     0.00005337 4
   104     29  -759.52680870  -759.52680870    -0.00000152     0.00005548 4
   105     29  -759.52680887  -759.52680887    -0.00000017     0.00005589 5
   106     29  -759.52680904  -759.52680904    -0.00000016     0.00005577 5
   107     29  -759.52680920  -759.52680920    -0.00000016     0.00005599 5
   108     17  -759.52680929  -759.52680929    -0.00000009     0.00005593 5
   109     17  -759.52680939  -759.52680939    -0.00000009     0.00005607 5
   110     11  -759.52680946  -759.52680946    -0.00000007     0.00005592 5
   111     23  -759.52680958  -759.52680958    -0.00000013     0.00005571 5
   112      5  -759.52680961  -759.52680961    -0.00000003     0.00005566 5
   113     17  -759.52680971  -759.52680971    -0.00000010     0.00005552 5
   114     17  -759.52680981  -759.52680981    -0.00000010     0.00005488 5
   115     29  -759.52681127  -759.52681127    -0.00000146     0.00005370 4
   116      5  -759.52681155  -759.52681155    -0.00000029     0.00005364 4
   117     29  -759.52681297  -759.52681297    -0.00000142     0.00005321 4
   118     29  -759.52681443  -759.52681443    -0.00000146     0.00005293 4
   119     29  -759.52681583  -759.52681583    -0.00000140     0.00005331 4
   120     17  -759.52681669  -759.52681669    -0.00000086     0.00005185 4
   121     29  -759.52681814  -759.52681814    -0.00000145     0.00005079 4
   122     29  -759.52681948  -759.52681948    -0.00000135     0.00005167 4
   123     23  -759.52682055  -759.52682055    -0.00000107     0.00005149 4
   124     29  -759.52682190  -759.52682190    -0.00000135     0.00004662 4
   125     23  -759.52682203  -759.52682203    -0.00000013     0.00004884 5
   126     29  -759.52682218  -759.52682218    -0.00000015     0.00005095 5
   127     29  -759.52682232  -759.52682232    -0.00000014     0.00005122 5
   128      5  -759.52682235  -759.52682235    -0.00000003     0.00005133 5
   129     17  -759.52682244  -759.52682244    -0.00000009     0.00005099 5
   130      5  -759.52682247  -759.52682247    -0.00000003     0.00005106 5
   131      5  -759.52682250  -759.52682250    -0.00000003     0.00005111 5
   132      5  -759.52682253  -759.52682253    -0.00000003     0.00005115 5
   133     17  -759.52682262  -759.52682262    -0.00000009     0.00005106 5
   134      5  -759.52682264  -759.52682264    -0.00000003     0.00005110 5
   135     17  -759.52682273  -759.52682273    -0.00000009     0.00005146 5
   136     11  -759.52682279  -759.52682279    -0.00000006     0.00005146 5
   137      5  -759.52682281  -759.52682281    -0.00000003     0.00005141 5
   138     11  -759.52682287  -759.52682287    -0.00000006     0.00005135 5
   139     11  -759.52682293  -759.52682293    -0.00000006     0.00005108 5
   140     29  -759.52682426  -759.52682426    -0.00000133     0.00005179 4
   141     29  -759.52682556  -759.52682556    -0.00000130     0.00005575 4
   142     29  -759.52682682  -759.52682682    -0.00000126     0.00005014 4
   143     29  -759.52682807  -759.52682807    -0.00000125     0.00005026 4
   144     29  -759.52682929  -759.52682929    -0.00000122     0.00004999 4
   145     29  -759.52683055  -759.52683055    -0.00000126     0.00004805 4
   146     29  -759.52683178  -759.52683178    -0.00000123     0.00004983 4
   147     29  -759.52683295  -759.52683295    -0.00000118     0.00004878 4
   148      5  -759.52683318  -759.52683318    -0.00000023     0.00004839 4
   149     29  -759.52683434  -759.52683434    -0.00000115     0.00004773 4
   150     29  -759.52683448  -759.52683448    -0.00000014     0.00004795 5
   151     29  -759.52683461  -759.52683461    -0.00000013     0.00004886 5
   152      5  -759.52683463  -759.52683463    -0.00000003     0.00004898 5
   153      5  -759.52683466  -759.52683466    -0.00000003     0.00004904 5
   154      5  -759.52683468  -759.52683468    -0.00000003     0.00004907 5
   155     29  -759.52683481  -759.52683481    -0.00000013     0.00004922 5
   156     17  -759.52683489  -759.52683489    -0.00000007     0.00004931 5
   157      5  -759.52683491  -759.52683491    -0.00000002     0.00004928 5
   158      5  -759.52683494  -759.52683494    -0.00000002     0.00004934 5
   159      5  -759.52683496  -759.52683496    -0.00000002     0.00004929 5
   160      5  -759.52683499  -759.52683499    -0.00000002     0.00004927 5
   161     29  -759.52683612  -759.52683612    -0.00000113     0.00004812 4
   162     29  -759.52683723  -759.52683723    -0.00000111     0.00004729 4
   163     29  -759.52683833  -759.52683833    -0.00000110     0.00004769 4
   164     29  -759.52683940  -759.52683940    -0.00000107     0.00004591 4
   165      5  -759.52683961  -759.52683961    -0.00000021     0.00004618 4
   166     29  -759.52684070  -759.52684070    -0.00000108     0.00004203 4
   167     29  -759.52684173  -759.52684173    -0.00000104     0.00004523 4
   168     29  -759.52684275  -759.52684275    -0.00000102     0.00004503 4
   169     29  -759.52684375  -759.52684375    -0.00000100     0.00004455 4
   170     29  -759.52684473  -759.52684473    -0.00000098     0.00004456 4
   171     29  -759.52684485  -759.52684485    -0.00000012     0.00004414 5
   172     29  -759.52684497  -759.52684497    -0.00000011     0.00004514 5
   173      5  -759.52684499  -759.52684499    -0.00000002     0.00004516 5
   174     23  -759.52684508  -759.52684508    -0.00000009     0.00004509 5
   175     17  -759.52684514  -759.52684514    -0.00000007     0.00004514 5
   176     29  -759.52684525  -759.52684525    -0.00000011     0.00004528 5
   177     23  -759.52684534  -759.52684534    -0.00000009     0.00004519 5
   178      5  -759.52684536  -759.52684536    -0.00000002     0.00004513 5
   179     29  -759.52684548  -759.52684548    -0.00000012     0.00004477 5
   180      5  -759.52684551  -759.52684551    -0.00000002     0.00004487 5
   181      5  -759.52684553  -759.52684553    -0.00000002     0.00004493 5
   182      5  -759.52684555  -759.52684555    -0.00000002     0.00004498 5
   183     29  -759.52684655  -759.52684655    -0.00000100     0.00004376 4
   184     29  -759.52684748  -759.52684748    -0.00000093     0.00004412 4
   185     29  -759.52684841  -759.52684841    -0.00000093     0.00004378 4
   186     29  -759.52684932  -759.52684932    -0.00000090     0.00004313 4
   187     23  -759.52685002  -759.52685002    -0.00000071     0.00004245 4
   188     23  -759.52685072  -759.52685072    -0.00000070     0.00004203 4
   189     29  -759.52685159  -759.52685159    -0.00000086     0.00004305 4
   190     29  -759.52685244  -759.52685244    -0.00000085     0.00004155 4
   191     29  -759.52685328  -759.52685328    -0.00000084     0.00003880 4
   192     23  -759.52685393  -759.52685393    -0.00000065     0.00004044 4
   193     29  -759.52685476  -759.52685476    -0.00000083     0.00003976 4
   194     29  -759.52685486  -759.52685486    -0.00000010     0.00004177 5
   195     11  -759.52685489  -759.52685489    -0.00000004     0.00004237 5
   196     17  -759.52685495  -759.52685495    -0.00000006     0.00004239 5
   197     11  -759.52685499  -759.52685499    -0.00000004     0.00004244 5
   198      5  -759.52685501  -759.52685501    -0.00000002     0.00004238 5
   199     11  -759.52685504  -759.52685504    -0.00000004     0.00004242 5
   200     11  -759.52685508  -759.52685508    -0.00000004     0.00004232 5
   201     11  -759.52685512  -759.52685512    -0.00000004     0.00004225 5
   202     29  -759.52685521  -759.52685521    -0.00000009     0.00004208 5
   203     11  -759.52685524  -759.52685524    -0.00000004     0.00004213 5
   204      5  -759.52685526  -759.52685526    -0.00000002     0.00004206 5
   205      5  -759.52685543  -759.52685543    -0.00000016     0.00004117 4
   206     11  -759.52685574  -759.52685574    -0.00000031     0.00004100 4
   207      5  -759.52685589  -759.52685589    -0.00000015     0.00004068 4
   208     29  -759.52685666  -759.52685666    -0.00000076     0.00003974 4
   209     29  -759.52685740  -759.52685740    -0.00000075     0.00003897 4
   210     29  -759.52685815  -759.52685815    -0.00000074     0.00003878 4
   211     23  -759.52685872  -759.52685872    -0.00000058     0.00003824 4
   212     17  -759.52685915  -759.52685915    -0.00000043     0.00003809 4
   213     11  -759.52685943  -759.52685943    -0.00000028     0.00003765 4
   214     17  -759.52685985  -759.52685985    -0.00000042     0.00003773 4
   215     29  -759.52686054  -759.52686054    -0.00000068     0.00003726 4
   216     11  -759.52686081  -759.52686081    -0.00000027     0.00003705 4
   217     17  -759.52686086  -759.52686086    -0.00000005     0.00003648 5
   218      5  -759.52686088  -759.52686088    -0.00000002     0.00003725 5
   219     23  -759.52686094  -759.52686094    -0.00000006     0.00003847 5
   220     23  -759.52686101  -759.52686101    -0.00000007     0.00003869 5
   221      5  -759.52686102  -759.52686102    -0.00000002     0.00003865 5
   222     11  -759.52686105  -759.52686105    -0.00000003     0.00003858 5
   223     11  -759.52686108  -759.52686108    -0.00000003     0.00003853 5
   224     29  -759.52686116  -759.52686116    -0.00000008     0.00003867 5
   225      5  -759.52686118  -759.52686118    -0.00000002     0.00003861 5
   226     11  -759.52686121  -759.52686121    -0.00000003     0.00003869 5
   227      5  -759.52686123  -759.52686123    -0.00000002     0.00003859 5
   228     17  -759.52686163  -759.52686163    -0.00000041     0.00003793 4
   229     29  -759.52686229  -759.52686229    -0.00000066     0.00003731 4
   230     11  -759.52686255  -759.52686255    -0.00000026     0.00003638 4
   231      5  -759.52686267  -759.52686267    -0.00000013     0.00003629 4
   232     11  -759.52686293  -759.52686293    -0.00000025     0.00003614 4
   233     29  -759.52686355  -759.52686355    -0.00000062     0.00003546 4
   234     29  -759.52686416  -759.52686416    -0.00000061     0.00003569 4
   235     29  -759.52686477  -759.52686477    -0.00000061     0.00003485 4
   236      5  -759.52686489  -759.52686489    -0.00000012     0.00003472 4
   237     29  -759.52686547  -759.52686547    -0.00000058     0.00003415 4
   238     11  -759.52686570  -759.52686570    -0.00000023     0.00003426 4
   239     29  -759.52686627  -759.52686627    -0.00000057     0.00003527 4
   240     23  -759.52686633  -759.52686633    -0.00000006     0.00003422 5
   241     23  -759.52686638  -759.52686638    -0.00000005     0.00003467 5
   242      5  -759.52686640  -759.52686640    -0.00000001     0.00003478 5
   243      5  -759.52686641  -759.52686641    -0.00000001     0.00003486 5
   244      5  -759.52686642  -759.52686642    -0.00000001     0.00003486 5
   245      5  -759.52686643  -759.52686643    -0.00000001     0.00003490 5
   246     11  -759.52686646  -759.52686646    -0.00000003     0.00003486 5
   247     11  -759.52686649  -759.52686649    -0.00000003     0.00003505 5
   248      5  -759.52686650  -759.52686650    -0.00000001     0.00003506 5
   249      5  -759.52686651  -759.52686651    -0.00000001     0.00003509 5
   250      5  -759.52686652  -759.52686652    -0.00000001     0.00003506 5
   251      5  -759.52686654  -759.52686654    -0.00000001     0.00003501 5
   252      5  -759.52686655  -759.52686655    -0.00000001     0.00003497 5
   253     29  -759.52686712  -759.52686712    -0.00000057     0.00003474 4
   254     29  -759.52686766  -759.52686766    -0.00000054     0.00003354 4
   255     29  -759.52686818  -759.52686818    -0.00000052     0.00003293 4
   256      5  -759.52686828  -759.52686828    -0.00000010     0.00003270 4
   257     29  -759.52686880  -759.52686880    -0.00000051     0.00003283 4
   258     23  -759.52686920  -759.52686920    -0.00000040     0.00003196 4
   259     29  -759.52686970  -759.52686970    -0.00000050     0.00003172 4
   260     17  -759.52686999  -759.52686999    -0.00000029     0.00003137 4
   261      5  -759.52687008  -759.52687008    -0.00000010     0.00003135 4
   262     29  -759.52687055  -759.52687055    -0.00000047     0.00003134 4
   263     29  -759.52687103  -759.52687103    -0.00000047     0.00003040 4
   264     11  -759.52687121  -759.52687121    -0.00000018     0.00003037 4
   265     11  -759.52687139  -759.52687139    -0.00000018     0.00003047 4
   266      5  -759.52687147  -759.52687147    -0.00000009     0.00003033 4
   267     17  -759.52687151  -759.52687151    -0.00000004     0.00003063 5
   268     23  -759.52687156  -759.52687156    -0.00000004     0.00003109 5
   269      5  -759.52687157  -759.52687157    -0.00000001     0.00003117 5
   270      5  -759.52687158  -759.52687158    -0.00000001     0.00003117 5
   271     11  -759.52687160  -759.52687160    -0.00000002     0.00003172 5
   272      5  -759.52687161  -759.52687161    -0.00000001     0.00003180 5
   273      5  -759.52687163  -759.52687163    -0.00000001     0.00003188 5
   274      5  -759.52687164  -759.52687164    -0.00000001     0.00003197 5
   275      5  -759.52687165  -759.52687165    -0.00000001     0.00003204 5
   276      5  -759.52687166  -759.52687166    -0.00000001     0.00003211 5
   277      5  -759.52687167  -759.52687167    -0.00000001     0.00003220 5
   278      5  -759.52687168  -759.52687168    -0.00000001     0.00003224 5
   279      5  -759.52687169  -759.52687169    -0.00000001     0.00003229 5
   280     29  -759.52687215  -759.52687215    -0.00000046     0.00003017 4
   281      5  -759.52687224  -759.52687224    -0.00000009     0.00003006 4
   282     29  -759.52687266  -759.52687266    -0.00000042     0.00002931 4
   283      5  -759.52687274  -759.52687274    -0.00000008     0.00002922 4
   284     29  -759.52687317  -759.52687317    -0.00000042     0.00002633 4
   285     23  -759.52687349  -759.52687349    -0.00000032     0.00002843 4
   286      5  -759.52687357  -759.52687357    -0.00000008     0.00002841 4
   287     11  -759.52687373  -759.52687373    -0.00000016     0.00002845 4
   288      5  -759.52687381  -759.52687381    -0.00000008     0.00002844 4
   289     23  -759.52687412  -759.52687412    -0.00000031     0.00002824 4
   290      5  -759.52687419  -759.52687419    -0.00000008     0.00002804 4
   291      5  -759.52687427  -759.52687427    -0.00000008     0.00002801 4
   292     17  -759.52687431  -759.52687431    -0.00000004     0.00002961 5
   293     11  -759.52687433  -759.52687433    -0.00000002     0.00002994 5
   294     17  -759.52687435  -759.52687435    -0.00000003     0.00003043 5
   295      5  -759.52687436  -759.52687436    -0.00000001     0.00003043 5
   296      5  -759.52687437  -759.52687437    -0.00000001     0.00003042 5
   297     17  -759.52687440  -759.52687440    -0.00000003     0.00003034 5
   298      5  -759.52687441  -759.52687441    -0.00000001     0.00003033 5
   299      5  -759.52687442  -759.52687442    -0.00000001     0.00003031 5
   300      5  -759.52687443  -759.52687443    -0.00000001     0.00003027 5
   301      5  -759.52687444  -759.52687444    -0.00000001     0.00003026 5
   302     23  -759.52687475  -759.52687475    -0.00000031     0.00002827 4
   303     29  -759.52687512  -759.52687512    -0.00000037     0.00002793 4
   304     29  -759.52687548  -759.52687548    -0.00000036     0.00002716 4
   305     11  -759.52687562  -759.52687562    -0.00000014     0.00002689 4
   306     17  -759.52687583  -759.52687583    -0.00000021     0.00002675 4
   307      5  -759.52687590  -759.52687590    -0.00000007     0.00002664 4
   308     11  -759.52687604  -759.52687604    -0.00000014     0.00002656 4
   309     11  -759.52687617  -759.52687617    -0.00000014     0.00002638 4
   310      5  -759.52687624  -759.52687624    -0.00000007     0.00002637 4
   311      5  -759.52687631  -759.52687631    -0.00000007     0.00002631 4
   312      5  -759.52687637  -759.52687637    -0.00000007     0.00002628 4
   313      5  -759.52687644  -759.52687644    -0.00000007     0.00002619 4
   314     11  -759.52687657  -759.52687657    -0.00000013     0.00002604 4
   315      5  -759.52687664  -759.52687664    -0.00000007     0.00002595 4
   316     23  -759.52687668  -759.52687668    -0.00000004     0.00002776 5
   317      5  -759.52687669  -759.52687669    -0.00000001     0.00002780 5
   318      5  -759.52687670  -759.52687670    -0.00000001     0.00002797 5
   319     17  -759.52687672  -759.52687672    -0.00000003     0.00002824 5
   320     11  -759.52687674  -759.52687674    -0.00000002     0.00002828 5
   321     17  -759.52687677  -759.52687677    -0.00000003     0.00002837 5
   322      5  -759.52687678  -759.52687678    -0.00000001     0.00002849 5
   323      5  -759.52687678  -759.52687678    -0.00000001     0.00002856 5
   324      5  -759.52687679  -759.52687679    -0.00000001     0.00002865 5
   325      5  -759.52687680  -759.52687680    -0.00000001     0.00002874 5
   326      5  -759.52687687  -759.52687687    -0.00000007     0.00002764 4
   327     29  -759.52687719  -759.52687719    -0.00000032     0.00002590 4
   328      5  -759.52687726  -759.52687726    -0.00000006     0.00002574 4
   329     17  -759.52687744  -759.52687744    -0.00000019     0.00002514 4
   330     29  -759.52687776  -759.52687776    -0.00000032     0.00002629 4
   331     29  -759.52687806  -759.52687806    -0.00000030     0.00002502 4
   332      5  -759.52687812  -759.52687812    -0.00000006     0.00002458 4
   333      5  -759.52687818  -759.52687818    -0.00000006     0.00002466 4
   334     23  -759.52687841  -759.52687841    -0.00000023     0.00002446 4
   335     29  -759.52687870  -759.52687870    -0.00000029     0.00002648 4
   336     29  -759.52687875  -759.52687875    -0.00000005     0.00002725 5
   337      5  -759.52687876  -759.52687876    -0.00000001     0.00002726 5
   338      5  -759.52687877  -759.52687877    -0.00000001     0.00002728 5
   339     11  -759.52687878  -759.52687878    -0.00000002     0.00002730 5
   340      5  -759.52687879  -759.52687879    -0.00000001     0.00002730 5
   341      5  -759.52687880  -759.52687880    -0.00000001     0.00002731 5
   342      5  -759.52687880  -759.52687880    -0.00000001     0.00002734 5
   343      5  -759.52687881  -759.52687881    -0.00000001     0.00002735 5
   344      5  -759.52687882  -759.52687882    -0.00000001     0.00002737 5
   345      5  -759.52687883  -759.52687883    -0.00000001     0.00002741 5
   346      5  -759.52687883  -759.52687883    -0.00000001     0.00002753 5
   347     29  -759.52687912  -759.52687912    -0.00000029     0.00002532 4
   348     17  -759.52687928  -759.52687928    -0.00000016     0.00002343 4
   349     29  -759.52687955  -759.52687955    -0.00000027     0.00002380 4
   350      5  -759.52687960  -759.52687960    -0.00000005     0.00002320 4
   351      5  -759.52687965  -759.52687965    -0.00000005     0.00002314 4
   352     17  -759.52687982  -759.52687982    -0.00000016     0.00002332 4
   353     11  -759.52687992  -759.52687992    -0.00000010     0.00002298 4
   354      5  -759.52687997  -759.52687997    -0.00000005     0.00002301 4
   355      5  -759.52688001  -759.52688001    -0.00000005     0.00002284 4
   356      5  -759.52688006  -759.52688006    -0.00000005     0.00002264 4
   357     23  -759.52688010  -759.52688010    -0.00000004     0.00002542 5
   358      5  -759.52688011  -759.52688011    -0.00000001     0.00002564 5
   359      5  -759.52688011  -759.52688011    -0.00000001     0.00002574 5
   360      5  -759.52688012  -759.52688012    -0.00000001     0.00002580 5
   361      5  -759.52688013  -759.52688013    -0.00000001     0.00002585 5
   362      5  -759.52688013  -759.52688013    -0.00000001     0.00002589 5
   363     11  -759.52688015  -759.52688015    -0.00000001     0.00002574 5
   364      5  -759.52688015  -759.52688015    -0.00000001     0.00002578 5
   365      5  -759.52688016  -759.52688016    -0.00000001     0.00002580 5
   366     17  -759.52688018  -759.52688018    -0.00000002     0.00002580 5
   367     11  -759.52688029  -759.52688029    -0.00000010     0.00002343 4
   368      5  -759.52688033  -759.52688033    -0.00000005     0.00002306 4
   369      5  -759.52688038  -759.52688038    -0.00000005     0.00002276 4
   370     11  -759.52688048  -759.52688048    -0.00000009     0.00002258 4
   371     11  -759.52688057  -759.52688057    -0.00000009     0.00002233 4
   372      5  -759.52688062  -759.52688062    -0.00000005     0.00002211 4
   373     29  -759.52688085  -759.52688085    -0.00000023     0.00002185 4
   374      5  -759.52688089  -759.52688089    -0.00000004     0.00002173 4
   375      5  -759.52688094  -759.52688094    -0.00000004     0.00002173 4
   376     29  -759.52688116  -759.52688116    -0.00000022     0.00002162 4
   377      5  -759.52688120  -759.52688120    -0.00000004     0.00002145 4
   378      5  -759.52688121  -759.52688121    -0.00000001     0.00002221 5
   379     11  -759.52688123  -759.52688123    -0.00000002     0.00002341 5
   380      5  -759.52688124  -759.52688124    -0.00000001     0.00002385 5
   381      5  -759.52688124  -759.52688124    -0.00000001     0.00002412 5
   382      5  -759.52688125  -759.52688125    -0.00000001     0.00002424 5
   383     17  -759.52688127  -759.52688127    -0.00000002     0.00002431 5
   384      5  -759.52688128  -759.52688128    -0.00000001     0.00002434 5
   385      5  -759.52688128  -759.52688128    -0.00000001     0.00002435 5
   386      5  -759.52688129  -759.52688129    -0.00000001     0.00002436 5
   387      5  -759.52688129  -759.52688129    -0.00000001     0.00002437 5
   388      5  -759.52688130  -759.52688130    -0.00000001     0.00002436 5
   389      5  -759.52688135  -759.52688135    -0.00000005     0.00002221 4
   390      5  -759.52688139  -759.52688139    -0.00000004     0.00002208 4
   391     11  -759.52688148  -759.52688148    -0.00000008     0.00002176 4
   392      5  -759.52688152  -759.52688152    -0.00000004     0.00002160 4
   393      5  -759.52688156  -759.52688156    -0.00000004     0.00002145 4
   394     29  -759.52688177  -759.52688177    -0.00000021     0.00002071 4
   395      5  -759.52688181  -759.52688181    -0.00000004     0.00002073 4
   396      5  -759.52688185  -759.52688185    -0.00000004     0.00002081 4
   397     11  -759.52688193  -759.52688193    -0.00000008     0.00002080 4
   398     23  -759.52688209  -759.52688209    -0.00000016     0.00002084 4
   399     11  -759.52688217  -759.52688217    -0.00000008     0.00002049 4
   400     17  -759.52688228  -759.52688228    -0.00000012     0.00002005 4
   401      5  -759.52688229  -759.52688229    -0.00000001     0.00002294 5
   402     11  -759.52688231  -759.52688231    -0.00000001     0.00002527 5
   403      5  -759.52688231  -759.52688231    -0.00000001     0.00002539 5
   404     11  -759.52688233  -759.52688233    -0.00000001     0.00002519 5
   405      5  -759.52688233  -759.52688233    -0.00000001     0.00002498 5
   406      5  -759.52688234  -759.52688234    -0.00000001     0.00002479 5
   407      5  -759.52688234  -759.52688234    -0.00000001     0.00002461 5
   408      5  -759.52688235  -759.52688235    -0.00000001     0.00002444 5
   409      5  -759.52688235  -759.52688235    -0.00000001     0.00002429 5
   410      5  -759.52688236  -759.52688236    -0.00000001     0.00002424 5
   411     11  -759.52688237  -759.52688237    -0.00000001     0.00002425 5
   412      5  -759.52688238  -759.52688238    -0.00000001     0.00002426 5
   413      5  -759.52688238  -759.52688238    -0.00000001     0.00002429 5
   414     29  -759.52688258  -759.52688258    -0.00000019     0.00002040 4
   415     29  -759.52688277  -759.52688277    -0.00000019     0.00001940 4
   416     11  -759.52688284  -759.52688284    -0.00000007     0.00001962 4
   417     29  -759.52688301  -759.52688301    -0.00000018     0.00001935 4
   418     11  -759.52688308  -759.52688308    -0.00000007     0.00001931 4
   419     11  -759.52688315  -759.52688315    -0.00000007     0.00001918 4
   420      5  -759.52688318  -759.52688318    -0.00000003     0.00001894 4
   421      5  -759.52688322  -759.52688322    -0.00000003     0.00001889 4
   422      5  -759.52688325  -759.52688325    -0.00000003     0.00001884 4
   423     17  -759.52688335  -759.52688335    -0.00000010     0.00001876 4
   424      5  -759.52688338  -759.52688338    -0.00000003     0.00001857 4
   425     29  -759.52688354  -759.52688354    -0.00000016     0.00001749 4
   426     29  -759.52688360  -759.52688360    -0.00000005     0.00002728 5
   427     11  -759.52688361  -759.52688361    -0.00000001     0.00002890 5
   428      5  -759.52688362  -759.52688362    -0.00000001     0.00002936 5
   429      5  -759.52688362  -759.52688362    -0.00000001     0.00002979 5
   430      5  -759.52688363  -759.52688363    -0.00000001     0.00003011 5
   431     11  -759.52688364  -759.52688364    -0.00000001     0.00003084 5
   432      5  -759.52688365  -759.52688365    -0.00000001     0.00003077 5
   433      5  -759.52688366  -759.52688366    -0.00000001     0.00003086 5
   434     11  -759.52688367  -759.52688367    -0.00000001     0.00003095 5
   435      5  -759.52688367  -759.52688367    -0.00000001     0.00003088 5
   436     29  -759.52688385  -759.52688385    -0.00000017     0.00001825 4
   437     23  -759.52688397  -759.52688397    -0.00000012     0.00001865 4
   438      5  -759.52688400  -759.52688400    -0.00000003     0.00001853 4
   439      5  -759.52688403  -759.52688403    -0.00000003     0.00001822 4
   440      5  -759.52688406  -759.52688406    -0.00000003     0.00001818 4
   441      5  -759.52688408  -759.52688408    -0.00000003     0.00001819 4
   442     17  -759.52688417  -759.52688417    -0.00000009     0.00001805 4
   443      5  -759.52688420  -759.52688420    -0.00000003     0.00001782 4
   444     11  -759.52688426  -759.52688426    -0.00000006     0.00001791 4
   445      5  -759.52688428  -759.52688428    -0.00000003     0.00001783 4
   446     29  -759.52688434  -759.52688434    -0.00000005     0.00002877 5
   447      5  -759.52688434  -759.52688434    -0.00000001     0.00003049 5
   448      5  -759.52688435  -759.52688435    -0.00000001     0.00003164 5
   449      5  -759.52688436  -759.52688436    -0.00000001     0.00003250 5
   450      5  -759.52688437  -759.52688437    -0.00000001     0.00003316 5
   451      5  -759.52688437  -759.52688437    -0.00000001     0.00003366 5
   452     29  -759.52688441  -759.52688441    -0.00000004     0.00003481 5
   453     17  -759.52688443  -759.52688443    -0.00000002     0.00003479 5
   454      5  -759.52688443  -759.52688443    -0.00000001     0.00003479 5
   455     11  -759.52688445  -759.52688445    -0.00000001     0.00003461 5
   456      5  -759.52688445  -759.52688445    -0.00000001     0.00003455 5
   457      5  -759.52688446  -759.52688446    -0.00000001     0.00003440 5
   458      5  -759.52688446  -759.52688446    -0.00000001     0.00003433 5
   459     11  -759.52688453  -759.52688453    -0.00000007     0.00002100 4
   460      5  -759.52688456  -759.52688456    -0.00000003     0.00001988 4
   461     29  -759.52688470  -759.52688470    -0.00000014     0.00001750 4
   462     11  -759.52688475  -759.52688475    -0.00000005     0.00001773 4
   463     29  -759.52688488  -759.52688488    -0.00000013     0.00001780 4
   464     29  -759.52688501  -759.52688501    -0.00000013     0.00001712 4
   465     17  -759.52688509  -759.52688509    -0.00000007     0.00001673 4
   466      5  -759.52688511  -759.52688511    -0.00000002     0.00001662 4
   467      5  -759.52688513  -759.52688513    -0.00000002     0.00001660 4
   468      5  -759.52688516  -759.52688516    -0.00000002     0.00001645 4
   469     11  -759.52688518  -759.52688518    -0.00000002     0.00002092 5
   470     11  -759.52688519  -759.52688519    -0.00000002     0.00002550 5
   471      5  -759.52688520  -759.52688520    -0.00000001     0.00002707 5
   472      5  -759.52688521  -759.52688521    -0.00000001     0.00002832 5
   473      5  -759.52688521  -759.52688521    -0.00000001     0.00002930 5
   474     11  -759.52688523  -759.52688523    -0.00000001     0.00003114 5
   475      5  -759.52688523  -759.52688523    -0.00000001     0.00003158 5
   476      5  -759.52688524  -759.52688524    -0.00000001     0.00003208 5
   477      5  -759.52688524  -759.52688524    -0.00000001     0.00003201 5
   478      5  -759.52688525  -759.52688525    -0.00000001     0.00003228 5
   479     29  -759.52688528  -759.52688528    -0.00000003     0.00003209 5
   480      5  -759.52688529  -759.52688529    -0.00000001     0.00003210 5
   481     11  -759.52688530  -759.52688530    -0.00000001     0.00003214 5
   482     23  -759.52688532  -759.52688532    -0.00000002     0.00003231 5
   483      5  -759.52688532  -759.52688532    -0.00000001     0.00003184 5
   484      5  -759.52688533  -759.52688533    -0.00000001     0.00003190 5
   485     11  -759.52688539  -759.52688539    -0.00000006     0.00001951 4
   486     29  -759.52688551  -759.52688551    -0.00000012     0.00001742 4
   487     29  -759.52688562  -759.52688562    -0.00000011     0.00001618 4
   488     29  -759.52688573  -759.52688573    -0.00000011     0.00001632 4
   489     23  -759.52688581  -759.52688581    -0.00000008     0.00001570 4
   490     11  -759.52688585  -759.52688585    -0.00000004     0.00001551 4
   491      5  -759.52688587  -759.52688587    -0.00000002     0.00001538 4
   492     29  -759.52688598  -759.52688598    -0.00000010     0.00001501 4
   493      5  -759.52688600  -759.52688600    -0.00000002     0.00001497 4
   494     29  -759.52688609  -759.52688609    -0.00000010     0.00001435 4
   495     11  -759.52688613  -759.52688613    -0.00000004     0.00001457 4
   496      5  -759.52688615  -759.52688615    -0.00000002     0.00001448 4
   497      5  -759.52688616  -759.52688616    -0.00000001     0.00001740 5
   498     11  -759.52688618  -759.52688618    -0.00000002     0.00002070 5
   499     23  -759.52688621  -759.52688621    -0.00000003     0.00002375 5
   500      5  -759.52688622  -759.52688622    -0.00000001     0.00002410 5
   501      5  -759.52688623  -759.52688623    -0.00000001     0.00002444 5
   502      5  -759.52688623  -759.52688623    -0.00000001     0.00002494 5
   503      5  -759.52688624  -759.52688624    -0.00000001     0.00002523 5
   504      5  -759.52688625  -759.52688625    -0.00000001     0.00002543 5
   505      5  -759.52688625  -759.52688625    -0.00000001     0.00002586 5
   506     11  -759.52688627  -759.52688627    -0.00000001     0.00002648 5
   507     11  -759.52688628  -759.52688628    -0.00000001     0.00002651 5
   508      5  -759.52688628  -759.52688628    -0.00000001     0.00002667 5
   509     11  -759.52688629  -759.52688629    -0.00000001     0.00002677 5
   510      5  -759.52688630  -759.52688630    -0.00000001     0.00002697 5
   511      5  -759.52688631  -759.52688631    -0.00000001     0.00002718 5
   512      5  -759.52688633  -759.52688633    -0.00000002     0.00002151 4
   513      5  -759.52688635  -759.52688635    -0.00000002     0.00001933 4
   514      5  -759.52688637  -759.52688637    -0.00000002     0.00001832 4
   515      5  -759.52688639  -759.52688639    -0.00000002     0.00001761 4
   516      5  -759.52688641  -759.52688641    -0.00000002     0.00001690 4
   517      5  -759.52688643  -759.52688643    -0.00000002     0.00001669 4
   518      5  -759.52688644  -759.52688644    -0.00000002     0.00001645 4
   519      5  -759.52688646  -759.52688646    -0.00000002     0.00001620 4
   520      5  -759.52688648  -759.52688648    -0.00000002     0.00001614 4
   521      5  -759.52688650  -759.52688650    -0.00000002     0.00001582 4
   522      5  -759.52688651  -759.52688651    -0.00000001     0.00001902 5
   523      5  -759.52688651  -759.52688651    -0.00000001     0.00002092 5
   524      5  -759.52688652  -759.52688652    -0.00000001     0.00002223 5
   525      5  -759.52688653  -759.52688653    -0.00000001     0.00002315 5
   526     11  -759.52688654  -759.52688654    -0.00000001     0.00002458 5
   527      5  -759.52688654  -759.52688654    -0.00000001     0.00002498 5
   528      5  -759.52688655  -759.52688655    -0.00000001     0.00002530 5
   529     11  -759.52688656  -759.52688656    -0.00000001     0.00002581 5
   530      5  -759.52688656  -759.52688656    -0.00000001     0.00002605 5
   531     11  -759.52688657  -759.52688657    -0.00000001     0.00002646 5
   532      5  -759.52688658  -759.52688658    -0.00000000     0.00002653 5
   533      5  -759.52688658  -759.52688658    -0.00000000     0.00002673 5
   534      5  -759.52688661  -759.52688661    -0.00000002     0.00002104 4
   535      5  -759.52688662  -759.52688662    -0.00000002     0.00001878 4
   536     11  -759.52688666  -759.52688666    -0.00000004     0.00001704 4
   537     29  -759.52688675  -759.52688675    -0.00000009     0.00001582 4
   538      5  -759.52688676  -759.52688676    -0.00000002     0.00001536 4
   539     17  -759.52688681  -759.52688681    -0.00000005     0.00001492 4
   540      5  -759.52688683  -759.52688683    -0.00000002     0.00001470 4
   541      5  -759.52688684  -759.52688684    -0.00000002     0.00001453 4
   542     11  -759.52688688  -759.52688688    -0.00000003     0.00001464 4
   543     17  -759.52688692  -759.52688692    -0.00000005     0.00001367 4
   544     11  -759.52688695  -759.52688695    -0.00000003     0.00001355 4
   545      5  -759.52688697  -759.52688697    -0.00000001     0.00001357 4
   546     29  -759.52688704  -759.52688704    -0.00000008     0.00001363 4
   547      5  -759.52688706  -759.52688706    -0.00000001     0.00001278 4
   548      5  -759.52688707  -759.52688707    -0.00000001     0.00001297 4
   549     29  -759.52688712  -759.52688712    -0.00000005     0.00002131 5
   550     17  -759.52688714  -759.52688714    -0.00000002     0.00002415 5
   551     17  -759.52688716  -759.52688716    -0.00000002     0.00002692 5
   552      5  -759.52688717  -759.52688717    -0.00000001     0.00002773 5
   553      5  -759.52688718  -759.52688718    -0.00000001     0.00002855 5
   554     29  -759.52688721  -759.52688721    -0.00000003     0.00003117 5
   555      5  -759.52688721  -759.52688721    -0.00000001     0.00003152 5
   556     11  -759.52688722  -759.52688722    -0.00000001     0.00003252 5
   557      5  -759.52688723  -759.52688723    -0.00000001     0.00003302 5
   558      5  -759.52688723  -759.52688723    -0.00000001     0.00003318 5
   559      5  -759.52688724  -759.52688724    -0.00000001     0.00003346 5
   560      5  -759.52688726  -759.52688726    -0.00000002     0.00002521 4
   561      5  -759.52688727  -759.52688727    -0.00000002     0.00002093 4
   562     29  -759.52688734  -759.52688734    -0.00000007     0.00001460 4
   563     11  -759.52688737  -759.52688737    -0.00000003     0.00001388 4
   564      5  -759.52688738  -759.52688738    -0.00000001     0.00001366 4
   565     11  -759.52688741  -759.52688741    -0.00000003     0.00001351 4
   566     11  -759.52688744  -759.52688744    -0.00000003     0.00001332 4
   567     11  -759.52688746  -759.52688746    -0.00000002     0.00001308 4
   568     11  -759.52688749  -759.52688749    -0.00000002     0.00001263 4
   569      5  -759.52688750  -759.52688750    -0.00000001     0.00001245 4
   570     29  -759.52688754  -759.52688754    -0.00000004     0.00002431 5
   571      5  -759.52688755  -759.52688755    -0.00000001     0.00002531 5
   572      5  -759.52688755  -759.52688755    -0.00000001     0.00002625 5
   573     17  -759.52688757  -759.52688757    -0.00000002     0.00002871 5
   574      5  -759.52688758  -759.52688758    -0.00000001     0.00002939 5
   575     17  -759.52688760  -759.52688760    -0.00000002     0.00003045 5
   576      5  -759.52688761  -759.52688761    -0.00000001     0.00003077 5
   577     23  -759.52688763  -759.52688763    -0.00000002     0.00003202 5
   578      5  -759.52688764  -759.52688764    -0.00000001     0.00003235 5
   579      5  -759.52688764  -759.52688764    -0.00000001     0.00003261 5
   580      5  -759.52688765  -759.52688765    -0.00000001     0.00003288 5
   581     17  -759.52688769  -759.52688769    -0.00000004     0.00001760 4
   582      5  -759.52688770  -759.52688770    -0.00000001     0.00001577 4
   583     29  -759.52688776  -759.52688776    -0.00000006     0.00001276 4
   584      5  -759.52688777  -759.52688777    -0.00000001     0.00001270 4
   585     11  -759.52688779  -759.52688779    -0.00000002     0.00001284 4
   586      5  -759.52688780  -759.52688780    -0.00000001     0.00001244 4
   587      5  -759.52688781  -759.52688781    -0.00000001     0.00001218 4
   588     11  -759.52688783  -759.52688783    -0.00000002     0.00001200 4
   589     29  -759.52688788  -759.52688788    -0.00000005     0.00001083 4
   590     11  -759.52688790  -759.52688790    -0.00000002     0.00001135 4
   591      5  -759.52688791  -759.52688791    -0.00000001     0.00001117 4
   592      5  -759.52688792  -759.52688792    -0.00000001     0.00001609 5
   593      5  -759.52688793  -759.52688793    -0.00000001     0.00001961 5
   594     17  -759.52688795  -759.52688795    -0.00000002     0.00002663 5
   595     11  -759.52688797  -759.52688797    -0.00000001     0.00002953 5
   596      5  -759.52688797  -759.52688797    -0.00000001     0.00003076 5
   597     11  -759.52688798  -759.52688798    -0.00000001     0.00003286 5
   598      5  -759.52688799  -759.52688799    -0.00000001     0.00003387 5
   599      5  -759.52688800  -759.52688800    -0.00000001     0.00003475 5
   600     11  -759.52688801  -759.52688801    -0.00000001     0.00003608 5
   601      5  -759.52688802  -759.52688802    -0.00000001     0.00003703 5
   602      5  -759.52688802  -759.52688802    -0.00000001     0.00003792 5
   603     11  -759.52688803  -759.52688803    -0.00000001     0.00003867 5
   604      5  -759.52688804  -759.52688804    -0.00000001     0.00003918 5
   605      5  -759.52688805  -759.52688805    -0.00000001     0.00003938 5
   606     29  -759.52688810  -759.52688810    -0.00000005     0.00001414 4
   607     11  -759.52688812  -759.52688812    -0.00000002     0.00001203 4
   608     11  -759.52688813  -759.52688813    -0.00000002     0.00001152 4
   609      5  -759.52688814  -759.52688814    -0.00000001     0.00001120 4
   610      5  -759.52688815  -759.52688815    -0.00000001     0.00001107 4
   611     11  -759.52688817  -759.52688817    -0.00000002     0.00001037 4
   612     11  -759.52688819  -759.52688819    -0.00000002     0.00001011 4
   613      5  -759.52688819  -759.52688819    -0.00000001     0.00001014 4
   614      5  -759.52688820  -759.52688820    -0.00000001     0.00001018 4
   615     11  -759.52688822  -759.52688822    -0.00000002     0.00001007 4
   616      5  -759.52688823  -759.52688823    -0.00000001     0.00000995 4
   616      0  -759.52688823  -759.52688823    -0.00000001     0.00000995 4

RESULTS OF THE OCCUPATION OPTIMIZATION
========================================
   1    2.0000000  -166.16328379
   2    2.0000000  -19.31080245
   3    2.0000000  -15.93311377
   4    2.0000000  -15.90489388
   5    2.0000000  -15.92110414
   6    2.0000000  -2.36561249
   7    2.0000000  -1.85051647
   8    2.0000000  -2.09483894
   9    2.0000000  -2.02639215
  10    1.0000000  -0.26358532
  11    1.0000000  -0.26234290

----------------
 Final Energies 
----------------
       HF Total Energy =    -759.5086643
Final NOF Total Energy =    -759.5268882
    Correlation Energy =      -0.0182239


Number of basis functions                   (NBF)    = 55
Inactive Doubly occupied orbitals up to     (NO1)    = 9
No. considered Strongly Doubly occupied MOs (NDOC)   = 0
No. considered Strongly Singly occupied MOs (NSOC)   = 2
NO. of Weakly occ. per St. Doubly occ.  MOs (NCWO)   = 0
Dimension of the Active Nat. Orb. subspace  (NBF5)   = 11
No. of electrons                                     = 20
Multiplicity                                         = 3

No violations of the orthonormality
No violations of the orthonormality

PNOF7 Calculation
==================

Nitext  Nitint      Eelec           Etot          Ediff         maxdiff    
     1      0  -759.52689022  -759.52689022 -10758.52689022     0.00000992 1
     2     11  -759.52689023  -759.52689023    -0.00000002     0.00000958 1
     2      0  -759.52689023  -759.52689023    -0.00000002     0.00000958 1

RESULTS OF THE OCCUPATION OPTIMIZATION
========================================
   1    2.0000000  -166.16328166
   2    2.0000000  -19.31080212
   3    2.0000000  -15.93311550
   4    2.0000000  -15.90489402
   5    2.0000000  -15.92110402
   6    2.0000000  -2.36561225
   7    2.0000000  -1.85051720
   8    2.0000000  -2.09483887
   9    2.0000000  -2.02639155
  10    1.0000000  -0.26358534
  11    1.0000000  -0.26234295

----------------
 Final Energies 
----------------
Final NOF Total Energy =    -759.5268902


Elapsed Time:     128.42 (Seconds)
